#
# A fatal error has been detected by the Java Runtime Environment:
#
#  Internal Error (generateOopMap.cpp:2162), pid=24355, tid=24378
#  fatal error: Illegal class file encountered. Try running with -Xverify:all in method testGetAdmins
#
# JRE version: OpenJDK Runtime Environment (10.0.2+13) (build 10.0.2+13-Ubuntu-1ubuntu0.18.04.3)
# Java VM: OpenJDK 64-Bit Server VM (10.0.2+13-Ubuntu-1ubuntu0.18.04.3, mixed mode, tiered, compressed oops, g1 gc, linux-amd64)
# Core dump will be written. Default location: Core dumps may be processed with "/usr/share/apport/apport %p %s %c %d %P" (or dumping to /home/simon/Desktop/ciai/server/project-one/server/core.24355)
#
# If you would like to submit a bug report, please visit:
#   http://bugreport.java.com/bugreport/crash.jsp
#

---------------  S U M M A R Y ------------

Command Line: -agentlib:jdwp=transport=dt_socket,address=127.0.0.1:43895,suspend=y,server=n -ea -Didea.test.cyclic.buffer.size=1048576 -javaagent:/home/simon/Desktop/idea-IU-182.4505.22/lib/rt/debugger-agent.jar=file:/tmp/capture.props -Dfile.encoding=UTF-8 com.intellij.rt.execution.junit.JUnitStarter -ideVersion5 -junit4 pt.unl.fct.ecma.CompanyControllerTest,testGetAdmins

Host: Intel(R) Core(TM) i7-4500U CPU @ 1.80GHz, 4 cores, 7G, Ubuntu 18.04.1 LTS
Time: Fri Nov  9 11:59:29 2018 WET elapsed time: 151 seconds (0d 0h 2m 31s)

---------------  T H R E A D  ---------------

Current thread (0x00007f6a7c156000):  VMThread "VM Thread" [stack: 0x00007f6a6035f000,0x00007f6a6045f000] [id=24378]

Stack: [0x00007f6a6035f000,0x00007f6a6045f000],  sp=0x00007f6a6045ce60,  free space=1015k
Native frames: (J=compiled Java code, A=aot compiled Java code, j=interpreted, Vv=VM code, C=native code)
V  [libjvm.so+0xd27ea4]
V  [libjvm.so+0xd28a0f]
V  [libjvm.so+0x64d328]
V  [libjvm.so+0x7a72e5]
V  [libjvm.so+0x7a73bb]
V  [libjvm.so+0x7a9527]
V  [libjvm.so+0x7aa633]
V  [libjvm.so+0x7abf44]
V  [libjvm.so+0x7aea0d]
V  [libjvm.so+0x7aedb9]
V  [libjvm.so+0xb1f14a]
V  [libjvm.so+0xb1f7d1]
V  [libjvm.so+0xabde16]
V  [libjvm.so+0x95085c]
V  [libjvm.so+0xd38871]
V  [libjvm.so+0xd35b3b]
V  [libjvm.so+0xd3715e]
V  [libjvm.so+0xd37588]
V  [libjvm.so+0xb33d40]

VM_Operation (0x00007f6a2f2f59d0): GetOrSetLocal, mode: safepoint, requested by thread 0x00007f6a7c1fe800


---------------  P R O C E S S  ---------------

Threads class SMR info:
_java_thread_list=0x00007f69e0001090, length=15, elements={
0x00007f6a7c017800, 0x00007f6a7c160000, 0x00007f6a7c162000, 0x00007f6a7c172800,
0x00007f6a7c174800, 0x00007f6a7c176800, 0x00007f6a7c178800, 0x00007f6a7c17a000,
0x00007f6a7c1fe800, 0x00007f6a7c202800, 0x00007f6a0c001800, 0x00007f6a7c219800,
0x00007f6a7c641800, 0x00007f6a7d215000, 0x00007f6a7d9e2000
}

Java Threads: ( => current thread )
  0x00007f6a7c017800 JavaThread "main" [_thread_blocked, id=24363, stack(0x00007f6a853b8000,0x00007f6a854b9000)]
  0x00007f6a7c160000 JavaThread "Reference Handler" daemon [_thread_blocked, id=24382, stack(0x00007f6a6025c000,0x00007f6a6035d000)]
  0x00007f6a7c162000 JavaThread "Finalizer" daemon [_thread_blocked, id=24383, stack(0x00007f6a6015b000,0x00007f6a6025c000)]
  0x00007f6a7c172800 JavaThread "Signal Dispatcher" daemon [_thread_blocked, id=24386, stack(0x00007f6a6005a000,0x00007f6a6015b000)]
  0x00007f6a7c174800 JavaThread "C2 CompilerThread0" daemon [_thread_blocked, id=24387, stack(0x00007f6a50047000,0x00007f6a50148000)]
  0x00007f6a7c176800 JavaThread "C2 CompilerThread1" daemon [_thread_blocked, id=24388, stack(0x00007f6a2f6ff000,0x00007f6a2f800000)]
  0x00007f6a7c178800 JavaThread "C1 CompilerThread2" daemon [_thread_blocked, id=24389, stack(0x00007f6a2f5fe000,0x00007f6a2f6ff000)]
  0x00007f6a7c17a000 JavaThread "Sweeper thread" daemon [_thread_blocked, id=24390, stack(0x00007f6a2f4fd000,0x00007f6a2f5fe000)]
  0x00007f6a7c1fe800 JavaThread "JDWP Transport Listener: dt_socket" daemon [_thread_blocked, id=24395, stack(0x00007f6a2f1f6000,0x00007f6a2f2f7000)] _threads_hazard_ptr=0x00007f69e0001090
  0x00007f6a7c202800 JavaThread "JDWP Event Helper Thread" daemon [_thread_blocked, id=24397, stack(0x00007f6a2f0f5000,0x00007f6a2f1f6000)]
  0x00007f6a0c001800 JavaThread "JDWP Command Reader" daemon [_thread_in_native, id=24398, stack(0x00007f6a2eff4000,0x00007f6a2f0f5000)]
  0x00007f6a7c219800 JavaThread "Common-Cleaner" daemon [_thread_blocked, id=24399, stack(0x00007f6a2eef3000,0x00007f6a2eff4000)]
  0x00007f6a7c641800 JavaThread "Service Thread" daemon [_thread_blocked, id=24400, stack(0x00007f6a2e9c8000,0x00007f6a2eac9000)]
  0x00007f6a7d215000 JavaThread "Abandoned connection cleanup thread" daemon [_thread_blocked, id=24410, stack(0x00007f6a2de2a000,0x00007f6a2df2b000)]
  0x00007f6a7d9e2000 JavaThread "HikariPool-1 housekeeper" daemon [_thread_blocked, id=24411, stack(0x00007f6a2d71e000,0x00007f6a2d81f000)]

Other Threads:
=>0x00007f6a7c156000 VMThread "VM Thread" [stack: 0x00007f6a6035f000,0x00007f6a6045f000] [id=24378]
  0x00007f6a7c644000 WatcherThread [stack: 0x00007f6a2e8c8000,0x00007f6a2e9c8000] [id=24401]
  0x00007f6a7c02f800 GCTaskThread "GC Thread#0" [stack: 0x00007f6a806c4000,0x00007f6a807c4000] [id=24364]
  0x00007f6a7c031000 GCTaskThread "GC Thread#1" [stack: 0x00007f6a805c2000,0x00007f6a806c2000] [id=24365]
  0x00007f6a7c032800 GCTaskThread "GC Thread#2" [stack: 0x00007f6a804c0000,0x00007f6a805c0000] [id=24366]
  0x00007f6a7c034000 GCTaskThread "GC Thread#3" [stack: 0x00007f6a803be000,0x00007f6a804be000] [id=24367]
  0x00007f6a7c05d800 ConcurrentGCThread "G1 Main Marker" [stack: 0x00007f6a60ee7000,0x00007f6a60fe7000] [id=24368]
  0x00007f6a7c05f000 ConcurrentGCThread "G1 Conc#0" [stack: 0x00007f6a60de5000,0x00007f6a60ee5000] [id=24369]
  0x00007f6a7c0c7000 ConcurrentGCThread "G1 Refine#0" [stack: 0x00007f6a608df000,0x00007f6a609df000] [id=24371]
  0x00007f6a7c0c9000 ConcurrentGCThread "G1 Refine#1" [stack: 0x00007f6a607dd000,0x00007f6a608dd000] [id=24372]
  0x00007f6a7c0ca800 ConcurrentGCThread "G1 Refine#2" [stack: 0x00007f6a606db000,0x00007f6a607db000] [id=24373]
  0x00007f6a7c0cc000 ConcurrentGCThread "G1 Refine#3" [stack: 0x00007f6a605d9000,0x00007f6a606d9000] [id=24374]
  0x00007f6a7c0ce000 ConcurrentGCThread "G1 Young RemSet Sampling" [stack: 0x00007f6a604d7000,0x00007f6a605d7000] [id=24375]

Threads with active compile tasks:

VM state:at safepoint (normal execution)

VM Mutex/Monitor currently owned by a thread:  ([mutex/lock_event])
[0x00007f6a7c013aa0] Threads_lock - owner thread: 0x00007f6a7c156000

Heap address: 0x0000000085200000, size: 1966 MB, Compressed Oops mode: 32-bit
Narrow klass base: 0x0000000000000000, Narrow klass shift: 3
Compressed class space size: 1073741824 Address: 0x0000000100000000

Heap:
 garbage-first heap   total 233472K, used 50555K [0x0000000085200000, 0x0000000100000000)
  region size 1024K, 17 young (17408K), 8 survivors (8192K)
 Metaspace       used 74767K, capacity 76318K, committed 76672K, reserved 1116160K
  class space    used 8728K, capacity 9294K, committed 9344K, reserved 1048576K
Heap Regions: E=young(eden), S=young(survivor), O=old, HS=humongous(starts), HC=humongous(continues), CS=collection set, F=free, A=archive, TS=gc time stamp, AC=allocation context, TAMS=top-at-mark-start (previous, next)
|   0|0x0000000085200000, 0x0000000085300000, 0x0000000085300000|100%| O|  |TS  0|AC  0|TAMS 0x0000000085300000, 0x0000000085300000|
|   1|0x0000000085300000, 0x0000000085400000, 0x0000000085400000|100%| O|  |TS  0|AC  0|TAMS 0x0000000085400000, 0x0000000085400000|
|   2|0x0000000085400000, 0x0000000085500000, 0x0000000085500000|100%| O|  |TS  0|AC  0|TAMS 0x0000000085500000, 0x0000000085500000|
|   3|0x0000000085500000, 0x0000000085600000, 0x0000000085600000|100%| O|  |TS  0|AC  0|TAMS 0x0000000085600000, 0x0000000085600000|
|   4|0x0000000085600000, 0x0000000085700000, 0x0000000085700000|100%| O|  |TS  0|AC  0|TAMS 0x0000000085700000, 0x0000000085700000|
|   5|0x0000000085700000, 0x0000000085800000, 0x0000000085800000|100%| O|  |TS  0|AC  0|TAMS 0x0000000085800000, 0x0000000085800000|
|   6|0x0000000085800000, 0x0000000085900000, 0x0000000085900000|100%| O|  |TS  0|AC  0|TAMS 0x0000000085900000, 0x0000000085900000|
|   7|0x0000000085900000, 0x0000000085a00000, 0x0000000085a00000|100%| O|  |TS  0|AC  0|TAMS 0x0000000085a00000, 0x0000000085a00000|
|   8|0x0000000085a00000, 0x0000000085b00000, 0x0000000085b00000|100%| O|  |TS  0|AC  0|TAMS 0x0000000085b00000, 0x0000000085b00000|
|   9|0x0000000085b00000, 0x0000000085c00000, 0x0000000085c00000|100%| O|  |TS  0|AC  0|TAMS 0x0000000085c00000, 0x0000000085c00000|
|  10|0x0000000085c00000, 0x0000000085d00000, 0x0000000085d00000|100%| O|  |TS  0|AC  0|TAMS 0x0000000085d00000, 0x0000000085d00000|
|  11|0x0000000085d00000, 0x0000000085e00000, 0x0000000085e00000|100%| O|  |TS  0|AC  0|TAMS 0x0000000085e00000, 0x0000000085e00000|
|  12|0x0000000085e00000, 0x0000000085f00000, 0x0000000085f00000|100%| O|  |TS  0|AC  0|TAMS 0x0000000085f00000, 0x0000000085f00000|
|  13|0x0000000085f00000, 0x0000000086000000, 0x0000000086000000|100%| O|  |TS  0|AC  0|TAMS 0x0000000086000000, 0x0000000086000000|
|  14|0x0000000086000000, 0x0000000086100000, 0x0000000086100000|100%| O|  |TS  0|AC  0|TAMS 0x0000000086100000, 0x0000000086100000|
|  15|0x0000000086100000, 0x0000000086200000, 0x0000000086200000|100%| O|  |TS  0|AC  0|TAMS 0x0000000086200000, 0x0000000086200000|
|  16|0x0000000086200000, 0x0000000086300000, 0x0000000086300000|100%| O|  |TS  0|AC  0|TAMS 0x0000000086300000, 0x0000000086300000|
|  17|0x0000000086300000, 0x0000000086400000, 0x0000000086400000|100%| O|  |TS  0|AC  0|TAMS 0x0000000086400000, 0x0000000086400000|
|  18|0x0000000086400000, 0x0000000086500000, 0x0000000086500000|100%| O|  |TS  0|AC  0|TAMS 0x0000000086500000, 0x0000000086500000|
|  19|0x0000000086500000, 0x0000000086600000, 0x0000000086600000|100%| O|  |TS  0|AC  0|TAMS 0x0000000086600000, 0x0000000086600000|
|  20|0x0000000086600000, 0x0000000086700000, 0x0000000086700000|100%| O|  |TS  0|AC  0|TAMS 0x0000000086700000, 0x0000000086700000|
|  21|0x0000000086700000, 0x0000000086800000, 0x0000000086800000|100%| O|  |TS  0|AC  0|TAMS 0x0000000086800000, 0x0000000086800000|
|  22|0x0000000086800000, 0x0000000086900000, 0x0000000086900000|100%| O|  |TS  0|AC  0|TAMS 0x0000000086900000, 0x0000000086900000|
|  23|0x0000000086900000, 0x0000000086a00000, 0x0000000086a00000|100%| O|  |TS  2|AC  0|TAMS 0x000000008691b000, 0x000000008691b000|
|  24|0x0000000086a00000, 0x0000000086b00000, 0x0000000086b00000|100%| O|  |TS  2|AC  0|TAMS 0x0000000086a00000, 0x0000000086a00000|
|  25|0x0000000086b00000, 0x0000000086c00000, 0x0000000086c00000|100%| O|  |TS  2|AC  0|TAMS 0x0000000086b00000, 0x0000000086b00000|
|  26|0x0000000086c00000, 0x0000000086d00000, 0x0000000086d00000|100%| O|  |TS  2|AC  0|TAMS 0x0000000086c00000, 0x0000000086c00000|
|  27|0x0000000086d00000, 0x0000000086e00000, 0x0000000086e00000|100%| O|  |TS  2|AC  0|TAMS 0x0000000086d00000, 0x0000000086d00000|
|  28|0x0000000086e00000, 0x0000000086f00000, 0x0000000086f00000|100%| O|  |TS  3|AC  0|TAMS 0x0000000086e00000, 0x0000000086e00000|
|  29|0x0000000086f00000, 0x0000000087000000, 0x0000000087000000|100%| O|  |TS  3|AC  0|TAMS 0x0000000086f00000, 0x0000000086f00000|
|  30|0x0000000087000000, 0x0000000087100000, 0x0000000087100000|100%| O|  |TS  3|AC  0|TAMS 0x0000000087000000, 0x0000000087000000|
|  31|0x0000000087100000, 0x0000000087200000, 0x0000000087200000|100%| O|  |TS  3|AC  0|TAMS 0x0000000087100000, 0x0000000087100000|
|  32|0x0000000087200000, 0x0000000087300000, 0x0000000087300000|100%| O|  |TS  3|AC  0|TAMS 0x0000000087200000, 0x0000000087200000|
|  33|0x0000000087300000, 0x000000008735ec00, 0x0000000087400000| 37%| O|  |TS  3|AC  0|TAMS 0x0000000087300000, 0x0000000087300000|
|  34|0x0000000087400000, 0x0000000087400000, 0x0000000087500000|  0%| F|  |TS  0|AC  0|TAMS 0x0000000087400000, 0x0000000087400000|
|  35|0x0000000087500000, 0x0000000087500000, 0x0000000087600000|  0%| F|  |TS  0|AC  0|TAMS 0x0000000087500000, 0x0000000087500000|
|  36|0x0000000087600000, 0x0000000087600000, 0x0000000087700000|  0%| F|  |TS  0|AC  0|TAMS 0x0000000087600000, 0x0000000087600000|
|  37|0x0000000087700000, 0x0000000087700000, 0x0000000087800000|  0%| F|  |TS  0|AC  0|TAMS 0x0000000087700000, 0x0000000087700000|
|  38|0x0000000087800000, 0x0000000087800000, 0x0000000087900000|  0%| F|  |TS  0|AC  0|TAMS 0x0000000087800000, 0x0000000087800000|
|  39|0x0000000087900000, 0x0000000087900000, 0x0000000087a00000|  0%| F|  |TS  0|AC  0|TAMS 0x0000000087900000, 0x0000000087900000|
|  40|0x0000000087a00000, 0x0000000087a00000, 0x0000000087b00000|  0%| F|  |TS  0|AC  0|TAMS 0x0000000087a00000, 0x0000000087a00000|
|  41|0x0000000087b00000, 0x0000000087b00000, 0x0000000087c00000|  0%| F|  |TS  0|AC  0|TAMS 0x0000000087b00000, 0x0000000087b00000|
|  42|0x0000000087c00000, 0x0000000087c00000, 0x0000000087d00000|  0%| F|  |TS  0|AC  0|TAMS 0x0000000087c00000, 0x0000000087c00000|
|  43|0x0000000087d00000, 0x0000000087d00000, 0x0000000087e00000|  0%| F|  |TS  0|AC  0|TAMS 0x0000000087d00000, 0x0000000087d00000|
|  44|0x0000000087e00000, 0x0000000087e00000, 0x0000000087f00000|  0%| F|  |TS  0|AC  0|TAMS 0x0000000087e00000, 0x0000000087e00000|
|  45|0x0000000087f00000, 0x0000000087f00000, 0x0000000088000000|  0%| F|  |TS  0|AC  0|TAMS 0x0000000087f00000, 0x0000000087f00000|
|  46|0x0000000088000000, 0x0000000088000000, 0x0000000088100000|  0%| F|  |TS  0|AC  0|TAMS 0x0000000088000000, 0x0000000088000000|
|  47|0x0000000088100000, 0x0000000088100000, 0x0000000088200000|  0%| F|  |TS  0|AC  0|TAMS 0x0000000088100000, 0x0000000088100000|
|  48|0x0000000088200000, 0x0000000088200000, 0x0000000088300000|  0%| F|  |TS  0|AC  0|TAMS 0x0000000088200000, 0x0000000088200000|
|  49|0x0000000088300000, 0x0000000088300000, 0x0000000088400000|  0%| F|  |TS  0|AC  0|TAMS 0x0000000088300000, 0x0000000088300000|
|  50|0x0000000088400000, 0x0000000088400000, 0x0000000088500000|  0%| F|  |TS  0|AC  0|TAMS 0x0000000088400000, 0x0000000088400000|
|  51|0x0000000088500000, 0x0000000088500000, 0x0000000088600000|  0%| F|  |TS  0|AC  0|TAMS 0x0000000088500000, 0x0000000088500000|
|  52|0x0000000088600000, 0x0000000088600000, 0x0000000088700000|  0%| F|  |TS  0|AC  0|TAMS 0x0000000088600000, 0x0000000088600000|
|  53|0x0000000088700000, 0x0000000088700000, 0x0000000088800000|  0%| F|  |TS  0|AC  0|TAMS 0x0000000088700000, 0x0000000088700000|
|  54|0x0000000088800000, 0x0000000088800000, 0x0000000088900000|  0%| F|  |TS  0|AC  0|TAMS 0x0000000088800000, 0x0000000088800000|
|  55|0x0000000088900000, 0x0000000088900000, 0x0000000088a00000|  0%| F|  |TS  0|AC  0|TAMS 0x0000000088900000, 0x0000000088900000|
|  56|0x0000000088a00000, 0x0000000088a00000, 0x0000000088b00000|  0%| F|  |TS  0|AC  0|TAMS 0x0000000088a00000, 0x0000000088a00000|
|  57|0x0000000088b00000, 0x0000000088b00000, 0x0000000088c00000|  0%| F|  |TS  0|AC  0|TAMS 0x0000000088b00000, 0x0000000088b00000|
|  58|0x0000000088c00000, 0x0000000088c00000, 0x0000000088d00000|  0%| F|  |TS  0|AC  0|TAMS 0x0000000088c00000, 0x0000000088c00000|
|  59|0x0000000088d00000, 0x0000000088d00000, 0x0000000088e00000|  0%| F|  |TS  0|AC  0|TAMS 0x0000000088d00000, 0x0000000088d00000|
|  60|0x0000000088e00000, 0x0000000088e00000, 0x0000000088f00000|  0%| F|  |TS  0|AC  0|TAMS 0x0000000088e00000, 0x0000000088e00000|
|  61|0x0000000088f00000, 0x0000000088f00000, 0x0000000089000000|  0%| F|  |TS  0|AC  0|TAMS 0x0000000088f00000, 0x0000000088f00000|
|  62|0x0000000089000000, 0x0000000089000000, 0x0000000089100000|  0%| F|  |TS  0|AC  0|TAMS 0x0000000089000000, 0x0000000089000000|
|  63|0x0000000089100000, 0x0000000089100000, 0x0000000089200000|  0%| F|  |TS  0|AC  0|TAMS 0x0000000089100000, 0x0000000089100000|
|  64|0x0000000089200000, 0x0000000089200000, 0x0000000089300000|  0%| F|  |TS  3|AC  0|TAMS 0x0000000089200000, 0x0000000089200000|
|  65|0x0000000089300000, 0x0000000089300000, 0x0000000089400000|  0%| F|  |TS  3|AC  0|TAMS 0x0000000089300000, 0x0000000089300000|
|  66|0x0000000089400000, 0x0000000089400000, 0x0000000089500000|  0%| F|  |TS  3|AC  0|TAMS 0x0000000089400000, 0x0000000089400000|
|  67|0x0000000089500000, 0x0000000089500000, 0x0000000089600000|  0%| F|  |TS  3|AC  0|TAMS 0x0000000089500000, 0x0000000089500000|
|  68|0x0000000089600000, 0x0000000089600000, 0x0000000089700000|  0%| F|  |TS  3|AC  0|TAMS 0x0000000089600000, 0x0000000089600000|
|  69|0x0000000089700000, 0x0000000089700000, 0x0000000089800000|  0%| F|  |TS  3|AC  0|TAMS 0x0000000089700000, 0x0000000089700000|
|  70|0x0000000089800000, 0x0000000089800000, 0x0000000089900000|  0%| F|  |TS  3|AC  0|TAMS 0x0000000089800000, 0x0000000089800000|
|  71|0x0000000089900000, 0x0000000089900000, 0x0000000089a00000|  0%| F|  |TS  3|AC  0|TAMS 0x0000000089900000, 0x0000000089900000|
|  72|0x0000000089a00000, 0x0000000089a00000, 0x0000000089b00000|  0%| F|  |TS  3|AC  0|TAMS 0x0000000089a00000, 0x0000000089a00000|
|  73|0x0000000089b00000, 0x0000000089b00000, 0x0000000089c00000|  0%| F|  |TS  3|AC  0|TAMS 0x0000000089b00000, 0x0000000089b00000|
|  74|0x0000000089c00000, 0x0000000089c00000, 0x0000000089d00000|  0%| F|  |TS  2|AC  0|TAMS 0x0000000089c00000, 0x0000000089c00000|
|  75|0x0000000089d00000, 0x0000000089d00000, 0x0000000089e00000|  0%| F|  |TS  2|AC  0|TAMS 0x0000000089d00000, 0x0000000089d00000|
|  76|0x0000000089e00000, 0x0000000089e00000, 0x0000000089f00000|  0%| F|  |TS  2|AC  0|TAMS 0x0000000089e00000, 0x0000000089e00000|
|  77|0x0000000089f00000, 0x0000000089f00000, 0x000000008a000000|  0%| F|  |TS  2|AC  0|TAMS 0x0000000089f00000, 0x0000000089f00000|
|  78|0x000000008a000000, 0x000000008a100000, 0x000000008a100000|100%| S|CS|TS  3|AC  0|TAMS 0x000000008a000000, 0x000000008a000000|
|  79|0x000000008a100000, 0x000000008a200000, 0x000000008a200000|100%| S|CS|TS  3|AC  0|TAMS 0x000000008a100000, 0x000000008a100000|
|  80|0x000000008a200000, 0x000000008a300000, 0x000000008a300000|100%| S|CS|TS  3|AC  0|TAMS 0x000000008a200000, 0x000000008a200000|
|  81|0x000000008a300000, 0x000000008a400000, 0x000000008a400000|100%| S|CS|TS  3|AC  0|TAMS 0x000000008a300000, 0x000000008a300000|
|  82|0x000000008a400000, 0x000000008a500000, 0x000000008a500000|100%| S|CS|TS  3|AC  0|TAMS 0x000000008a400000, 0x000000008a400000|
|  83|0x000000008a500000, 0x000000008a600000, 0x000000008a600000|100%| S|CS|TS  3|AC  0|TAMS 0x000000008a500000, 0x000000008a500000|
|  84|0x000000008a600000, 0x000000008a700000, 0x000000008a700000|100%| S|CS|TS  3|AC  0|TAMS 0x000000008a600000, 0x000000008a600000|
|  85|0x000000008a700000, 0x000000008a800000, 0x000000008a800000|100%| S|CS|TS  3|AC  0|TAMS 0x000000008a700000, 0x000000008a700000|
|  86|0x000000008a800000, 0x000000008a800000, 0x000000008a900000|  0%| F|  |TS  3|AC  0|TAMS 0x000000008a800000, 0x000000008a800000|
|  87|0x000000008a900000, 0x000000008a900000, 0x000000008aa00000|  0%| F|  |TS  3|AC  0|TAMS 0x000000008a900000, 0x000000008a900000|
|  88|0x000000008aa00000, 0x000000008aa00000, 0x000000008ab00000|  0%| F|  |TS  3|AC  0|TAMS 0x000000008aa00000, 0x000000008aa00000|
|  89|0x000000008ab00000, 0x000000008ab00000, 0x000000008ac00000|  0%| F|  |TS  3|AC  0|TAMS 0x000000008ab00000, 0x000000008ab00000|
|  90|0x000000008ac00000, 0x000000008ac00000, 0x000000008ad00000|  0%| F|  |TS  3|AC  0|TAMS 0x000000008ac00000, 0x000000008ac00000|
|  91|0x000000008ad00000, 0x000000008ad00000, 0x000000008ae00000|  0%| F|  |TS  3|AC  0|TAMS 0x000000008ad00000, 0x000000008ad00000|
|  92|0x000000008ae00000, 0x000000008ae00000, 0x000000008af00000|  0%| F|  |TS  3|AC  0|TAMS 0x000000008ae00000, 0x000000008ae00000|
|  93|0x000000008af00000, 0x000000008af00000, 0x000000008b000000|  0%| F|  |TS  3|AC  0|TAMS 0x000000008af00000, 0x000000008af00000|
|  94|0x000000008b000000, 0x000000008b000000, 0x000000008b100000|  0%| F|  |TS  3|AC  0|TAMS 0x000000008b000000, 0x000000008b000000|
|  95|0x000000008b100000, 0x000000008b100000, 0x000000008b200000|  0%| F|  |TS  3|AC  0|TAMS 0x000000008b100000, 0x000000008b100000|
|  96|0x000000008b200000, 0x000000008b200000, 0x000000008b300000|  0%| F|  |TS  3|AC  0|TAMS 0x000000008b200000, 0x000000008b200000|
|  97|0x000000008b300000, 0x000000008b300000, 0x000000008b400000|  0%| F|  |TS  3|AC  0|TAMS 0x000000008b300000, 0x000000008b300000|
|  98|0x000000008b400000, 0x000000008b400000, 0x000000008b500000|  0%| F|  |TS  3|AC  0|TAMS 0x000000008b400000, 0x000000008b400000|
|  99|0x000000008b500000, 0x000000008b500000, 0x000000008b600000|  0%| F|  |TS  3|AC  0|TAMS 0x000000008b500000, 0x000000008b500000|
| 100|0x000000008b600000, 0x000000008b600000, 0x000000008b700000|  0%| F|  |TS  3|AC  0|TAMS 0x000000008b600000, 0x000000008b600000|
| 101|0x000000008b700000, 0x000000008b700000, 0x000000008b800000|  0%| F|  |TS  3|AC  0|TAMS 0x000000008b700000, 0x000000008b700000|
| 102|0x000000008b800000, 0x000000008b800000, 0x000000008b900000|  0%| F|  |TS  3|AC  0|TAMS 0x000000008b800000, 0x000000008b800000|
| 103|0x000000008b900000, 0x000000008b900000, 0x000000008ba00000|  0%| F|  |TS  3|AC  0|TAMS 0x000000008b900000, 0x000000008b900000|
| 104|0x000000008ba00000, 0x000000008ba00000, 0x000000008bb00000|  0%| F|  |TS  3|AC  0|TAMS 0x000000008ba00000, 0x000000008ba00000|
| 105|0x000000008bb00000, 0x000000008bb00000, 0x000000008bc00000|  0%| F|  |TS  3|AC  0|TAMS 0x000000008bb00000, 0x000000008bb00000|
| 106|0x000000008bc00000, 0x000000008bc00000, 0x000000008bd00000|  0%| F|  |TS  3|AC  0|TAMS 0x000000008bc00000, 0x000000008bc00000|
| 107|0x000000008bd00000, 0x000000008bd00000, 0x000000008be00000|  0%| F|  |TS  3|AC  0|TAMS 0x000000008bd00000, 0x000000008bd00000|
| 108|0x000000008be00000, 0x000000008be00000, 0x000000008bf00000|  0%| F|  |TS  3|AC  0|TAMS 0x000000008be00000, 0x000000008be00000|
| 109|0x000000008bf00000, 0x000000008bf00000, 0x000000008c000000|  0%| F|  |TS  3|AC  0|TAMS 0x000000008bf00000, 0x000000008bf00000|
| 110|0x000000008c000000, 0x000000008c000000, 0x000000008c100000|  0%| F|  |TS  3|AC  0|TAMS 0x000000008c000000, 0x000000008c000000|
| 111|0x000000008c100000, 0x000000008c100000, 0x000000008c200000|  0%| F|  |TS  3|AC  0|TAMS 0x000000008c100000, 0x000000008c100000|
| 112|0x000000008c200000, 0x000000008c200000, 0x000000008c300000|  0%| F|  |TS  3|AC  0|TAMS 0x000000008c200000, 0x000000008c200000|
| 113|0x000000008c300000, 0x000000008c300000, 0x000000008c400000|  0%| F|  |TS  3|AC  0|TAMS 0x000000008c300000, 0x000000008c300000|
| 114|0x000000008c400000, 0x000000008c400000, 0x000000008c500000|  0%| F|  |TS  3|AC  0|TAMS 0x000000008c400000, 0x000000008c400000|
| 115|0x000000008c500000, 0x000000008c500000, 0x000000008c600000|  0%| F|  |TS  3|AC  0|TAMS 0x000000008c500000, 0x000000008c500000|
| 116|0x000000008c600000, 0x000000008c600000, 0x000000008c700000|  0%| F|  |TS  3|AC  0|TAMS 0x000000008c600000, 0x000000008c600000|
| 117|0x000000008c700000, 0x000000008c700000, 0x000000008c800000|  0%| F|  |TS  3|AC  0|TAMS 0x000000008c700000, 0x000000008c700000|
| 118|0x000000008c800000, 0x000000008c800000, 0x000000008c900000|  0%| F|  |TS  3|AC  0|TAMS 0x000000008c800000, 0x000000008c800000|
| 119|0x000000008c900000, 0x000000008c900000, 0x000000008ca00000|  0%| F|  |TS  3|AC  0|TAMS 0x000000008c900000, 0x000000008c900000|
| 120|0x000000008ca00000, 0x000000008ca00000, 0x000000008cb00000|  0%| F|  |TS  3|AC  0|TAMS 0x000000008ca00000, 0x000000008ca00000|
| 121|0x000000008cb00000, 0x000000008cb00000, 0x000000008cc00000|  0%| F|  |TS  3|AC  0|TAMS 0x000000008cb00000, 0x000000008cb00000|
| 122|0x000000008cc00000, 0x000000008cc00000, 0x000000008cd00000|  0%| F|  |TS  3|AC  0|TAMS 0x000000008cc00000, 0x000000008cc00000|
| 123|0x000000008cd00000, 0x000000008cd00000, 0x000000008ce00000|  0%| F|  |TS  3|AC  0|TAMS 0x000000008cd00000, 0x000000008cd00000|
| 124|0x000000008ce00000, 0x000000008ce00000, 0x000000008cf00000|  0%| F|  |TS  3|AC  0|TAMS 0x000000008ce00000, 0x000000008ce00000|
| 125|0x000000008cf00000, 0x000000008cf00000, 0x000000008d000000|  0%| F|  |TS  3|AC  0|TAMS 0x000000008cf00000, 0x000000008cf00000|
| 126|0x000000008d000000, 0x000000008d000000, 0x000000008d100000|  0%| F|  |TS  3|AC  0|TAMS 0x000000008d000000, 0x000000008d000000|
| 127|0x000000008d100000, 0x000000008d100000, 0x000000008d200000|  0%| F|  |TS  3|AC  0|TAMS 0x000000008d100000, 0x000000008d100000|
| 128|0x000000008d200000, 0x000000008d200000, 0x000000008d300000|  0%| F|  |TS  3|AC  0|TAMS 0x000000008d200000, 0x000000008d200000|
| 129|0x000000008d300000, 0x000000008d300000, 0x000000008d400000|  0%| F|  |TS  3|AC  0|TAMS 0x000000008d300000, 0x000000008d300000|
| 130|0x000000008d400000, 0x000000008d400000, 0x000000008d500000|  0%| F|  |TS  3|AC  0|TAMS 0x000000008d400000, 0x000000008d400000|
| 131|0x000000008d500000, 0x000000008d500000, 0x000000008d600000|  0%| F|  |TS  3|AC  0|TAMS 0x000000008d500000, 0x000000008d500000|
| 132|0x000000008d600000, 0x000000008d600000, 0x000000008d700000|  0%| F|  |TS  3|AC  0|TAMS 0x000000008d600000, 0x000000008d600000|
| 133|0x000000008d700000, 0x000000008d700000, 0x000000008d800000|  0%| F|  |TS  3|AC  0|TAMS 0x000000008d700000, 0x000000008d700000|
| 134|0x000000008d800000, 0x000000008d800000, 0x000000008d900000|  0%| F|  |TS  3|AC  0|TAMS 0x000000008d800000, 0x000000008d800000|
| 135|0x000000008d900000, 0x000000008d900000, 0x000000008da00000|  0%| F|  |TS  3|AC  0|TAMS 0x000000008d900000, 0x000000008d900000|
| 136|0x000000008da00000, 0x000000008da00000, 0x000000008db00000|  0%| F|  |TS  3|AC  0|TAMS 0x000000008da00000, 0x000000008da00000|
| 137|0x000000008db00000, 0x000000008db00000, 0x000000008dc00000|  0%| F|  |TS  3|AC  0|TAMS 0x000000008db00000, 0x000000008db00000|
| 138|0x000000008dc00000, 0x000000008dc00000, 0x000000008dd00000|  0%| F|  |TS  3|AC  0|TAMS 0x000000008dc00000, 0x000000008dc00000|
| 139|0x000000008dd00000, 0x000000008dd00000, 0x000000008de00000|  0%| F|  |TS  3|AC  0|TAMS 0x000000008dd00000, 0x000000008dd00000|
| 140|0x000000008de00000, 0x000000008de00000, 0x000000008df00000|  0%| F|  |TS  3|AC  0|TAMS 0x000000008de00000, 0x000000008de00000|
| 141|0x000000008df00000, 0x000000008df00000, 0x000000008e000000|  0%| F|  |TS  3|AC  0|TAMS 0x000000008df00000, 0x000000008df00000|
| 142|0x000000008e000000, 0x000000008e000000, 0x000000008e100000|  0%| F|  |TS  3|AC  0|TAMS 0x000000008e000000, 0x000000008e000000|
| 143|0x000000008e100000, 0x000000008e100000, 0x000000008e200000|  0%| F|  |TS  3|AC  0|TAMS 0x000000008e100000, 0x000000008e100000|
| 144|0x000000008e200000, 0x000000008e200000, 0x000000008e300000|  0%| F|  |TS  3|AC  0|TAMS 0x000000008e200000, 0x000000008e200000|
| 145|0x000000008e300000, 0x000000008e300000, 0x000000008e400000|  0%| F|  |TS  3|AC  0|TAMS 0x000000008e300000, 0x000000008e300000|
| 146|0x000000008e400000, 0x000000008e400000, 0x000000008e500000|  0%| F|  |TS  3|AC  0|TAMS 0x000000008e400000, 0x000000008e400000|
| 147|0x000000008e500000, 0x000000008e500000, 0x000000008e600000|  0%| F|  |TS  3|AC  0|TAMS 0x000000008e500000, 0x000000008e500000|
| 148|0x000000008e600000, 0x000000008e600000, 0x000000008e700000|  0%| F|  |TS  3|AC  0|TAMS 0x000000008e600000, 0x000000008e600000|
| 149|0x000000008e700000, 0x000000008e700000, 0x000000008e800000|  0%| F|  |TS  3|AC  0|TAMS 0x000000008e700000, 0x000000008e700000|
| 150|0x000000008e800000, 0x000000008e800000, 0x000000008e900000|  0%| F|  |TS  3|AC  0|TAMS 0x000000008e800000, 0x000000008e800000|
| 151|0x000000008e900000, 0x000000008e900000, 0x000000008ea00000|  0%| F|  |TS  3|AC  0|TAMS 0x000000008e900000, 0x000000008e900000|
| 152|0x000000008ea00000, 0x000000008ea00000, 0x000000008eb00000|  0%| F|  |TS  3|AC  0|TAMS 0x000000008ea00000, 0x000000008ea00000|
| 153|0x000000008eb00000, 0x000000008eb00000, 0x000000008ec00000|  0%| F|  |TS  3|AC  0|TAMS 0x000000008eb00000, 0x000000008eb00000|
| 154|0x000000008ec00000, 0x000000008ec00000, 0x000000008ed00000|  0%| F|  |TS  3|AC  0|TAMS 0x000000008ec00000, 0x000000008ec00000|
| 155|0x000000008ed00000, 0x000000008ed00000, 0x000000008ee00000|  0%| F|  |TS  3|AC  0|TAMS 0x000000008ed00000, 0x000000008ed00000|
| 156|0x000000008ee00000, 0x000000008ee00000, 0x000000008ef00000|  0%| F|  |TS  3|AC  0|TAMS 0x000000008ee00000, 0x000000008ee00000|
| 157|0x000000008ef00000, 0x000000008ef00000, 0x000000008f000000|  0%| F|  |TS  3|AC  0|TAMS 0x000000008ef00000, 0x000000008ef00000|
| 158|0x000000008f000000, 0x000000008f000000, 0x000000008f100000|  0%| F|  |TS  3|AC  0|TAMS 0x000000008f000000, 0x000000008f000000|
| 159|0x000000008f100000, 0x000000008f100000, 0x000000008f200000|  0%| F|  |TS  3|AC  0|TAMS 0x000000008f100000, 0x000000008f100000|
| 160|0x000000008f200000, 0x000000008f200000, 0x000000008f300000|  0%| F|  |TS  3|AC  0|TAMS 0x000000008f200000, 0x000000008f200000|
| 161|0x000000008f300000, 0x000000008f300000, 0x000000008f400000|  0%| F|  |TS  3|AC  0|TAMS 0x000000008f300000, 0x000000008f300000|
| 162|0x000000008f400000, 0x000000008f400000, 0x000000008f500000|  0%| F|  |TS  3|AC  0|TAMS 0x000000008f400000, 0x000000008f400000|
| 163|0x000000008f500000, 0x000000008f500000, 0x000000008f600000|  0%| F|  |TS  3|AC  0|TAMS 0x000000008f500000, 0x000000008f500000|
| 164|0x000000008f600000, 0x000000008f600000, 0x000000008f700000|  0%| F|  |TS  3|AC  0|TAMS 0x000000008f600000, 0x000000008f600000|
| 165|0x000000008f700000, 0x000000008f700000, 0x000000008f800000|  0%| F|  |TS  3|AC  0|TAMS 0x000000008f700000, 0x000000008f700000|
| 166|0x000000008f800000, 0x000000008f800000, 0x000000008f900000|  0%| F|  |TS  3|AC  0|TAMS 0x000000008f800000, 0x000000008f800000|
| 167|0x000000008f900000, 0x000000008f900000, 0x000000008fa00000|  0%| F|  |TS  3|AC  0|TAMS 0x000000008f900000, 0x000000008f900000|
| 168|0x000000008fa00000, 0x000000008fa00000, 0x000000008fb00000|  0%| F|  |TS  3|AC  0|TAMS 0x000000008fa00000, 0x000000008fa00000|
| 169|0x000000008fb00000, 0x000000008fb00000, 0x000000008fc00000|  0%| F|  |TS  3|AC  0|TAMS 0x000000008fb00000, 0x000000008fb00000|
| 170|0x000000008fc00000, 0x000000008fc00000, 0x000000008fd00000|  0%| F|  |TS  3|AC  0|TAMS 0x000000008fc00000, 0x000000008fc00000|
| 171|0x000000008fd00000, 0x000000008fd00000, 0x000000008fe00000|  0%| F|  |TS  3|AC  0|TAMS 0x000000008fd00000, 0x000000008fd00000|
| 172|0x000000008fe00000, 0x000000008fe00000, 0x000000008ff00000|  0%| F|  |TS  3|AC  0|TAMS 0x000000008fe00000, 0x000000008fe00000|
| 173|0x000000008ff00000, 0x000000008ff00000, 0x0000000090000000|  0%| F|  |TS  3|AC  0|TAMS 0x000000008ff00000, 0x000000008ff00000|
| 174|0x0000000090000000, 0x0000000090000000, 0x0000000090100000|  0%| F|  |TS  3|AC  0|TAMS 0x0000000090000000, 0x0000000090000000|
| 175|0x0000000090100000, 0x0000000090100000, 0x0000000090200000|  0%| F|  |TS  3|AC  0|TAMS 0x0000000090100000, 0x0000000090100000|
| 176|0x0000000090200000, 0x0000000090200000, 0x0000000090300000|  0%| F|  |TS  3|AC  0|TAMS 0x0000000090200000, 0x0000000090200000|
| 177|0x0000000090300000, 0x0000000090300000, 0x0000000090400000|  0%| F|  |TS  3|AC  0|TAMS 0x0000000090300000, 0x0000000090300000|
| 178|0x0000000090400000, 0x0000000090400000, 0x0000000090500000|  0%| F|  |TS  3|AC  0|TAMS 0x0000000090400000, 0x0000000090400000|
| 179|0x0000000090500000, 0x0000000090500000, 0x0000000090600000|  0%| F|  |TS  3|AC  0|TAMS 0x0000000090500000, 0x0000000090500000|
| 180|0x0000000090600000, 0x0000000090600000, 0x0000000090700000|  0%| F|  |TS  3|AC  0|TAMS 0x0000000090600000, 0x0000000090600000|
| 181|0x0000000090700000, 0x0000000090700000, 0x0000000090800000|  0%| F|  |TS  3|AC  0|TAMS 0x0000000090700000, 0x0000000090700000|
| 182|0x0000000090800000, 0x0000000090800000, 0x0000000090900000|  0%| F|  |TS  3|AC  0|TAMS 0x0000000090800000, 0x0000000090800000|
| 183|0x0000000090900000, 0x0000000090900000, 0x0000000090a00000|  0%| F|  |TS  3|AC  0|TAMS 0x0000000090900000, 0x0000000090900000|
| 184|0x0000000090a00000, 0x0000000090a00000, 0x0000000090b00000|  0%| F|  |TS  3|AC  0|TAMS 0x0000000090a00000, 0x0000000090a00000|
| 185|0x0000000090b00000, 0x0000000090b00000, 0x0000000090c00000|  0%| F|  |TS  3|AC  0|TAMS 0x0000000090b00000, 0x0000000090b00000|
| 186|0x0000000090c00000, 0x0000000090c00000, 0x0000000090d00000|  0%| F|  |TS  3|AC  0|TAMS 0x0000000090c00000, 0x0000000090c00000|
| 187|0x0000000090d00000, 0x0000000090d00000, 0x0000000090e00000|  0%| F|  |TS  3|AC  0|TAMS 0x0000000090d00000, 0x0000000090d00000|
| 188|0x0000000090e00000, 0x0000000090e00000, 0x0000000090f00000|  0%| F|  |TS  3|AC  0|TAMS 0x0000000090e00000, 0x0000000090e00000|
| 189|0x0000000090f00000, 0x0000000090f00000, 0x0000000091000000|  0%| F|  |TS  3|AC  0|TAMS 0x0000000090f00000, 0x0000000090f00000|
| 190|0x0000000091000000, 0x0000000091000000, 0x0000000091100000|  0%| F|  |TS  3|AC  0|TAMS 0x0000000091000000, 0x0000000091000000|
| 191|0x0000000091100000, 0x0000000091100000, 0x0000000091200000|  0%| F|  |TS  3|AC  0|TAMS 0x0000000091100000, 0x0000000091100000|
| 192|0x0000000091200000, 0x0000000091200000, 0x0000000091300000|  0%| F|  |TS  3|AC  0|TAMS 0x0000000091200000, 0x0000000091200000|
| 193|0x0000000091300000, 0x0000000091300000, 0x0000000091400000|  0%| F|  |TS  3|AC  0|TAMS 0x0000000091300000, 0x0000000091300000|
| 194|0x0000000091400000, 0x0000000091400000, 0x0000000091500000|  0%| F|  |TS  3|AC  0|TAMS 0x0000000091400000, 0x0000000091400000|
| 195|0x0000000091500000, 0x0000000091500000, 0x0000000091600000|  0%| F|  |TS  3|AC  0|TAMS 0x0000000091500000, 0x0000000091500000|
| 196|0x0000000091600000, 0x0000000091600000, 0x0000000091700000|  0%| F|  |TS  3|AC  0|TAMS 0x0000000091600000, 0x0000000091600000|
| 197|0x0000000091700000, 0x0000000091700000, 0x0000000091800000|  0%| F|  |TS  3|AC  0|TAMS 0x0000000091700000, 0x0000000091700000|
| 198|0x0000000091800000, 0x0000000091800000, 0x0000000091900000|  0%| F|  |TS  3|AC  0|TAMS 0x0000000091800000, 0x0000000091800000|
| 199|0x0000000091900000, 0x0000000091900000, 0x0000000091a00000|  0%| F|  |TS  3|AC  0|TAMS 0x0000000091900000, 0x0000000091900000|
| 200|0x0000000091a00000, 0x0000000091a00000, 0x0000000091b00000|  0%| F|  |TS  3|AC  0|TAMS 0x0000000091a00000, 0x0000000091a00000|
| 201|0x0000000091b00000, 0x0000000091b00000, 0x0000000091c00000|  0%| F|  |TS  3|AC  0|TAMS 0x0000000091b00000, 0x0000000091b00000|
| 202|0x0000000091c00000, 0x0000000091c00000, 0x0000000091d00000|  0%| F|  |TS  3|AC  0|TAMS 0x0000000091c00000, 0x0000000091c00000|
| 203|0x0000000091d00000, 0x0000000091d00000, 0x0000000091e00000|  0%| F|  |TS  3|AC  0|TAMS 0x0000000091d00000, 0x0000000091d00000|
| 204|0x0000000091e00000, 0x0000000091e00000, 0x0000000091f00000|  0%| F|  |TS  3|AC  0|TAMS 0x0000000091e00000, 0x0000000091e00000|
| 205|0x0000000091f00000, 0x0000000091f00000, 0x0000000092000000|  0%| F|  |TS  3|AC  0|TAMS 0x0000000091f00000, 0x0000000091f00000|
| 206|0x0000000092000000, 0x0000000092000000, 0x0000000092100000|  0%| F|  |TS  3|AC  0|TAMS 0x0000000092000000, 0x0000000092000000|
| 207|0x0000000092100000, 0x0000000092100000, 0x0000000092200000|  0%| F|  |TS  3|AC  0|TAMS 0x0000000092100000, 0x0000000092100000|
| 208|0x0000000092200000, 0x0000000092200000, 0x0000000092300000|  0%| F|  |TS  3|AC  0|TAMS 0x0000000092200000, 0x0000000092200000|
| 209|0x0000000092300000, 0x0000000092300000, 0x0000000092400000|  0%| F|  |TS  3|AC  0|TAMS 0x0000000092300000, 0x0000000092300000|
| 210|0x0000000092400000, 0x0000000092400000, 0x0000000092500000|  0%| F|  |TS  3|AC  0|TAMS 0x0000000092400000, 0x0000000092400000|
| 211|0x0000000092500000, 0x0000000092500000, 0x0000000092600000|  0%| F|  |TS  3|AC  0|TAMS 0x0000000092500000, 0x0000000092500000|
| 212|0x0000000092600000, 0x0000000092600000, 0x0000000092700000|  0%| F|  |TS  3|AC  0|TAMS 0x0000000092600000, 0x0000000092600000|
| 213|0x0000000092700000, 0x0000000092700000, 0x0000000092800000|  0%| F|  |TS  3|AC  0|TAMS 0x0000000092700000, 0x0000000092700000|
| 214|0x0000000092800000, 0x0000000092800000, 0x0000000092900000|  0%| F|  |TS  3|AC  0|TAMS 0x0000000092800000, 0x0000000092800000|
| 215|0x0000000092900000, 0x0000000092900000, 0x0000000092a00000|  0%| F|  |TS  3|AC  0|TAMS 0x0000000092900000, 0x0000000092900000|
| 216|0x0000000092a00000, 0x0000000092a00000, 0x0000000092b00000|  0%| F|  |TS  3|AC  0|TAMS 0x0000000092a00000, 0x0000000092a00000|
| 217|0x0000000092b00000, 0x0000000092b00000, 0x0000000092c00000|  0%| F|  |TS  3|AC  0|TAMS 0x0000000092b00000, 0x0000000092b00000|
| 218|0x0000000092c00000, 0x0000000092c00000, 0x0000000092d00000|  0%| F|  |TS  3|AC  0|TAMS 0x0000000092c00000, 0x0000000092c00000|
| 219|0x0000000092d00000, 0x0000000092e00000, 0x0000000092e00000|100%| E|  |TS  3|AC  0|TAMS 0x0000000092d00000, 0x0000000092d00000|
| 220|0x0000000092e00000, 0x0000000092f00000, 0x0000000092f00000|100%| E|CS|TS  3|AC  0|TAMS 0x0000000092e00000, 0x0000000092e00000|
| 221|0x0000000092f00000, 0x0000000093000000, 0x0000000093000000|100%| E|CS|TS  3|AC  0|TAMS 0x0000000092f00000, 0x0000000092f00000|
| 222|0x0000000093000000, 0x0000000093100000, 0x0000000093100000|100%| E|CS|TS  3|AC  0|TAMS 0x0000000093000000, 0x0000000093000000|
| 223|0x0000000093100000, 0x0000000093200000, 0x0000000093200000|100%| E|CS|TS  3|AC  0|TAMS 0x0000000093100000, 0x0000000093100000|
| 224|0x0000000093200000, 0x0000000093300000, 0x0000000093300000|100%| E|CS|TS  3|AC  0|TAMS 0x0000000093200000, 0x0000000093200000|
| 225|0x0000000093300000, 0x0000000093400000, 0x0000000093400000|100%| E|CS|TS  3|AC  0|TAMS 0x0000000093300000, 0x0000000093300000|
| 226|0x0000000093400000, 0x0000000093500000, 0x0000000093500000|100%| E|CS|TS  3|AC  0|TAMS 0x0000000093400000, 0x0000000093400000|
| 227|0x0000000093500000, 0x0000000093600000, 0x0000000093600000|100%| E|CS|TS  3|AC  0|TAMS 0x0000000093500000, 0x0000000093500000|

Card table byte_map: [0x00007f6a63276000,0x00007f6a6364d000] byte_map_base: 0x00007f6a62e4d000

Marking Bits (Prev, Next): (CMBitMap*) 0x00007f6a7c05c928, (CMBitMap*) 0x00007f6a7c05c8f0
 Prev Bits: [0x00007f6a52148000, 0x00007f6a54000000)
 Next Bits: [0x00007f6a60fe7000, 0x00007f6a62e9f000)

Polling page: 0x00007f6a854cc000

CodeHeap 'non-profiled nmethods': size=120032Kb used=3496Kb max_used=4500Kb free=116535Kb
 bounds [0x00007f6a6b5ed000, 0x00007f6a6ba6d000, 0x00007f6a72b25000]
CodeHeap 'profiled nmethods': size=120032Kb used=14414Kb max_used=17765Kb free=105617Kb
 bounds [0x00007f6a640b5000, 0x00007f6a65215000, 0x00007f6a6b5ed000]
CodeHeap 'non-nmethods': size=5696Kb used=1297Kb max_used=1363Kb free=4398Kb
 bounds [0x00007f6a63b25000, 0x00007f6a63d95000, 0x00007f6a640b5000]
 total_blobs=10134 nmethods=7446 adapters=546
 compilation: enabled

Compilation events (10 events):
Event: 15,326 Thread 0x00007f6a7c176800 nmethod 5907 0x00007f6a6b639310 code [0x00007f6a6b6395a0, 0x00007f6a6b63aea0]
Event: 15,326 Thread 0x00007f6a7c176800 8495       4       java.util.ImmutableCollections$Set1::contains (9 bytes)
Event: 15,329 Thread 0x00007f6a7c176800 nmethod 8495 0x00007f6a6b5f8290 code [0x00007f6a6b5f8440, 0x00007f6a6b5f8758]
Event: 15,329 Thread 0x00007f6a7c176800 8455       4       java.util.LinkedList::add (7 bytes)
Event: 15,341 Thread 0x00007f6a7c176800 nmethod 8455 0x00007f6a6b618010 code [0x00007f6a6b6181a0, 0x00007f6a6b618718]
Event: 15,341 Thread 0x00007f6a7c176800 8476       4       java.util.ArrayDeque::add (7 bytes)
Event: 15,350 Thread 0x00007f6a7c176800 nmethod 8476 0x00007f6a6b605f10 code [0x00007f6a6b6060c0, 0x00007f6a6b606338]
Event: 15,350 Thread 0x00007f6a7c176800 6573       4       org.springframework.util.ClassUtils::isJavaLanguageInterface (10 bytes)
Event: 15,368 Thread 0x00007f6a7c176800 nmethod 6573 0x00007f6a6b62a390 code [0x00007f6a6b62a5a0, 0x00007f6a6b62ad70]
Event: 15,773 Thread 0x00007f6a7c174800 nmethod 8494 0x00007f6a6b70d890 code [0x00007f6a6b70e2e0, 0x00007f6a6b719ad8]

GC Heap History (10 events):
Event: 8,958 GC heap before
{Heap before GC invocations=10 (full 0):
 garbage-first heap   total 153600K, used 103607K [0x0000000085200000, 0x0000000100000000)
  region size 1024K, 90 young (92160K), 12 survivors (12288K)
 Metaspace       used 54491K, capacity 55571K, committed 55936K, reserved 1097728K
  class space    used 6309K, capacity 6712K, committed 6784K, reserved 1048576K
}
Event: 8,985 GC heap after
{Heap after GC invocations=11 (full 0):
 garbage-first heap   total 194560K, used 28780K [0x0000000085200000, 0x0000000100000000)
  region size 1024K, 5 young (5120K), 5 survivors (5120K)
 Metaspace       used 54491K, capacity 55571K, committed 55936K, reserved 1097728K
  class space    used 6309K, capacity 6712K, committed 6784K, reserved 1048576K
}
Event: 9,544 GC heap before
{Heap before GC invocations=11 (full 0):
 garbage-first heap   total 194560K, used 54380K [0x0000000085200000, 0x0000000100000000)
  region size 1024K, 31 young (31744K), 5 survivors (5120K)
 Metaspace       used 58936K, capacity 60036K, committed 60288K, reserved 1101824K
  class space    used 6836K, capacity 7257K, committed 7296K, reserved 1048576K
}
Event: 9,565 GC heap after
{Heap after GC invocations=12 (full 0):
 garbage-first heap   total 194560K, used 29116K [0x0000000085200000, 0x0000000100000000)
  region size 1024K, 6 young (6144K), 6 survivors (6144K)
 Metaspace       used 58936K, capacity 60036K, committed 60288K, reserved 1101824K
  class space    used 6836K, capacity 7257K, committed 7296K, reserved 1048576K
}
Event: 11,098 GC heap before
{Heap before GC invocations=13 (full 0):
 garbage-first heap   total 194560K, used 129468K [0x0000000085200000, 0x0000000100000000)
  region size 1024K, 104 young (106496K), 6 survivors (6144K)
 Metaspace       used 62513K, capacity 63818K, committed 64128K, reserved 1105920K
  class space    used 7255K, capacity 7740K, committed 7808K, reserved 1048576K
}
Event: 11,122 GC heap after
{Heap after GC invocations=14 (full 0):
 garbage-first heap   total 194560K, used 35445K [0x0000000085200000, 0x0000000100000000)
  region size 1024K, 12 young (12288K), 12 survivors (12288K)
 Metaspace       used 62513K, capacity 63818K, committed 64128K, reserved 1105920K
  class space    used 7255K, capacity 7740K, committed 7808K, reserved 1048576K
}
Event: 12,039 GC heap before
{Heap before GC invocations=14 (full 0):
 garbage-first heap   total 194560K, used 139893K [0x0000000085200000, 0x0000000100000000)
  region size 1024K, 114 young (116736K), 12 survivors (12288K)
 Metaspace       used 66253K, capacity 67673K, committed 67968K, reserved 1110016K
  class space    used 7764K, capacity 8295K, committed 8320K, reserved 1048576K
}
Event: 12,087 GC heap after
{Heap after GC invocations=15 (full 0):
 garbage-first heap   total 194560K, used 41083K [0x0000000085200000, 0x0000000100000000)
  region size 1024K, 12 young (12288K), 12 survivors (12288K)
 Metaspace       used 66253K, capacity 67673K, committed 67968K, reserved 1110016K
  class space    used 7764K, capacity 8295K, committed 8320K, reserved 1048576K
}
Event: 14,776 GC heap before
{Heap before GC invocations=15 (full 0):
 garbage-first heap   total 194560K, used 145531K [0x0000000085200000, 0x0000000100000000)
  region size 1024K, 114 young (116736K), 12 survivors (12288K)
 Metaspace       used 73276K, capacity 74818K, committed 75264K, reserved 1116160K
  class space    used 8545K, capacity 9091K, committed 9216K, reserved 1048576K
}
Event: 14,814 GC heap after
{Heap after GC invocations=16 (full 0):
 garbage-first heap   total 233472K, used 42363K [0x0000000085200000, 0x0000000100000000)
  region size 1024K, 8 young (8192K), 8 survivors (8192K)
 Metaspace       used 73276K, capacity 74818K, committed 75264K, reserved 1116160K
  class space    used 8545K, capacity 9091K, committed 9216K, reserved 1048576K
}

Deoptimization events (10 events):
Event: 12,928 Thread 0x00007f6a7c017800 Uncommon trap: reason=null_check action=make_not_entrant pc=0x00007f6a6b964e64 method=org.springframework.core.annotation.AnnotationUtils.findAnnotation(Ljava/lang/Class;Ljava/lang/Class;Ljava/util/Set;)Ljava/lang/annotation/Annotation; @ 148 c2
Event: 13,092 Thread 0x00007f6a7c017800 Uncommon trap: reason=unstable_if action=reinterpret pc=0x00007f6a6b6155b0 method=java.lang.String.isLatin1()Z @ 10 c2
Event: 13,092 Thread 0x00007f6a7c017800 Uncommon trap: reason=unstable_if action=reinterpret pc=0x00007f6a6b64de00 method=java.lang.String.startsWith(Ljava/lang/String;I)Z @ 46 c2
Event: 13,092 Thread 0x00007f6a7c017800 Uncommon trap: reason=unstable_if action=reinterpret pc=0x00007f6a6b5ff47c method=java.lang.String.isLatin1()Z @ 10 c2
Event: 13,092 Thread 0x00007f6a7c017800 Uncommon trap: reason=unstable_if action=reinterpret pc=0x00007f6a6b6c4dac method=java.lang.String.equals(Ljava/lang/Object;)Z @ 34 c2
Event: 13,341 Thread 0x00007f6a7c017800 Uncommon trap: reason=unstable_if action=reinterpret pc=0x00007f6a6b911174 method=org.springframework.util.ConcurrentReferenceHashMap$Segment.clear()V @ 4 c2
Event: 13,828 Thread 0x00007f6a7c017800 Uncommon trap: reason=unstable_if action=reinterpret pc=0x00007f6a6b8895e8 method=java.lang.CharacterDataLatin1.isWhitespace(I)Z @ 14 c2
Event: 13,828 Thread 0x00007f6a7c017800 Uncommon trap: reason=unstable_if action=reinterpret pc=0x00007f6a6b65ef44 method=java.lang.CharacterDataLatin1.isWhitespace(I)Z @ 14 c2
Event: 14,844 Thread 0x00007f6a7c017800 Uncommon trap: reason=unstable_if action=reinterpret pc=0x00007f6a6b8f0330 method=java.util.concurrent.ConcurrentHashMap.isEmpty()Z @ 6 c2
Event: 14,910 Thread 0x00007f6a7c017800 Uncommon trap: reason=unstable_if action=reinterpret pc=0x00007f6a6b68cffc method=java.util.Objects.equals(Ljava/lang/Object;Ljava/lang/Object;)Z @ 6 c2

Classes redefined (3 events):
Event: 98,415 Thread 0x00007f6a7c156000 redefined class name=pt.unl.fct.ecma.CompanyControllerTest, count=1
Event: 98,530 Thread 0x00007f6a7c156000 redefined class name=pt.unl.fct.ecma.EcmaApplication, count=1
Event: 151,754 Thread 0x00007f6a7c156000 redefined class name=pt.unl.fct.ecma.CompanyControllerTest, count=2

Internal exceptions (10 events):
Event: 14,165 Thread 0x00007f6a7c017800 Exception <a 'java/lang/ClassNotFoundException'{0x000000008b1601f0}: java/lang/ObjectCustomizer> (0x000000008b1601f0) thrown at [/build/openjdk-lts-HXybSI/openjdk-lts-10.0.2+13/src/hotspot/share/classfile/systemDictionary.cpp, line 233]
Event: 14,165 Thread 0x00007f6a7c017800 Exception <a 'java/lang/ClassNotFoundException'{0x000000008b172af0}: org/springframework/web/servlet/support/AbstractFlashMapManagerCustomizer> (0x000000008b172af0) thrown at [/build/openjdk-lts-HXybSI/openjdk-lts-10.0.2+13/src/hotspot/share/classfile/sys
Event: 14,166 Thread 0x00007f6a7c017800 Exception <a 'java/lang/ClassNotFoundException'{0x000000008b186888}: org/springframework/web/servlet/support/SessionFlashMapManagerCustomizer> (0x000000008b186888) thrown at [/build/openjdk-lts-HXybSI/openjdk-lts-10.0.2+13/src/hotspot/share/classfile/syst
Event: 14,167 Thread 0x00007f6a7c017800 Exception <a 'java/lang/ClassNotFoundException'{0x000000008b1963b0}: org/springframework/web/servlet/FlashMapManagerCustomizer> (0x000000008b1963b0) thrown at [/build/openjdk-lts-HXybSI/openjdk-lts-10.0.2+13/src/hotspot/share/classfile/systemDictionary.cp
Event: 14,183 Thread 0x00007f6a7c017800 Exception <a 'java/lang/NoSuchMethodError'{0x000000008b054250}: java.lang.Object.lambda$mapIfAllPresent$6(Ljava/util/Optional;Ljava/util/function/BiFunction;Ljava/lang/Object;)Ljava/util/Optional;> (0x000000008b054250) thrown at [/build/openjdk-lts-HXybSI
Event: 14,183 Thread 0x00007f6a7c017800 Exception <a 'java/lang/NoSuchMethodError'{0x000000008b0582c0}: java.lang.Object.lambda$null$5(Ljava/util/function/BiFunction;Ljava/lang/Object;Ljava/lang/Object;)Ljava/lang/Object;> (0x000000008b0582c0) thrown at [/build/openjdk-lts-HXybSI/openjdk-lts-10
Event: 14,892 Thread 0x00007f6a7c017800 Exception <a 'java/lang/NoSuchMethodError'{0x00000000933f97b8}: method resolution failed> (0x00000000933f97b8) thrown at [/build/openjdk-lts-HXybSI/openjdk-lts-10.0.2+13/src/hotspot/share/prims/methodHandles.cpp, line 1226]
Event: 14,896 Thread 0x00007f6a7c017800 Exception <a 'java/lang/NoSuchMethodError'{0x000000009321cea0}: method resolution failed> (0x000000009321cea0) thrown at [/build/openjdk-lts-HXybSI/openjdk-lts-10.0.2+13/src/hotspot/share/prims/methodHandles.cpp, line 1226]
Event: 14,897 Thread 0x00007f6a7c017800 Exception <a 'java/lang/NoSuchMethodError'{0x00000000932232e8}: java.lang.invoke.DirectMethodHandle$Holder.invokeStatic(Ljava/lang/Object;J)Ljava/lang/Object;> (0x00000000932232e8) thrown at [/build/openjdk-lts-HXybSI/openjdk-lts-10.0.2+13/src/hotspot/sha
Event: 14,897 Thread 0x00007f6a7c017800 Exception <a 'java/lang/NoSuchMethodError'{0x0000000093226fa8}: method resolution failed> (0x0000000093226fa8) thrown at [/build/openjdk-lts-HXybSI/openjdk-lts-10.0.2+13/src/hotspot/share/prims/methodHandles.cpp, line 1226]

Events (10 events):
Event: 151,895 Executing VM operation: GetFrameLocation done
Event: 151,914 Executing VM operation: GetFrameCount
Event: 151,914 Executing VM operation: GetFrameCount done
Event: 151,914 Executing VM operation: GetFrameLocation
Event: 151,914 Executing VM operation: GetFrameLocation done
Event: 151,914 Executing VM operation: GetFrameLocation
Event: 151,914 Executing VM operation: GetFrameLocation done
Event: 151,914 Executing VM operation: GetOrSetLocal
Event: 151,914 Executing VM operation: GetOrSetLocal done
Event: 151,920 Executing VM operation: GetOrSetLocal


Dynamic libraries:
85200000-93600000 rw-p 00000000 00:00 0 
93600000-100000000 ---p 00000000 00:00 0 
100000000-100920000 rw-p 00000000 00:00 0 
100920000-140000000 ---p 00000000 00:00 0 
55d5dd81c000-55d5dd81d000 r-xp 00000000 08:06 6554455                    /usr/lib/jvm/java-11-openjdk-amd64/bin/java
55d5dda1d000-55d5dda1e000 r--p 00001000 08:06 6554455                    /usr/lib/jvm/java-11-openjdk-amd64/bin/java
55d5dda1e000-55d5dda1f000 rw-p 00002000 08:06 6554455                    /usr/lib/jvm/java-11-openjdk-amd64/bin/java
55d5deb28000-55d5deb49000 rw-p 00000000 00:00 0                          [heap]
7f69e0000000-7f69e0021000 rw-p 00000000 00:00 0 
7f69e0021000-7f69e4000000 ---p 00000000 00:00 0 
7f69e8000000-7f69e8021000 rw-p 00000000 00:00 0 
7f69e8021000-7f69ec000000 ---p 00000000 00:00 0 
7f69edff0000-7f69ee1b0000 rw-p 00000000 00:00 0 
7f69ee1b0000-7f69ee1f0000 ---p 00000000 00:00 0 
7f69ee1f0000-7f69ee3f0000 rw-p 00000000 00:00 0 
7f69ee3f0000-7f69ee5f0000 rw-p 00000000 00:00 0 
7f69ee5f0000-7f69ee7f0000 rw-p 00000000 00:00 0 
7f69ee7f0000-7f69ee9f0000 rw-p 00000000 00:00 0 
7f69ee9f0000-7f69eebf0000 rw-p 00000000 00:00 0 
7f69eebf0000-7f69eedf0000 rw-p 00000000 00:00 0 
7f69eedf0000-7f69eeff0000 rw-p 00000000 00:00 0 
7f69eeff0000-7f69ef1f0000 rw-p 00000000 00:00 0 
7f69ef30a000-7f69ef50a000 rw-p 00000000 00:00 0 
7f69ef50a000-7f69ef70a000 rw-p 00000000 00:00 0 
7f69ef70a000-7f69ef90a000 rw-p 00000000 00:00 0 
7f69ef90a000-7f69ef90b000 r-xp 00000000 08:06 6554506                    /usr/lib/jvm/java-11-openjdk-amd64/lib/libextnet.so
7f69ef90b000-7f69efb0a000 ---p 00001000 08:06 6554506                    /usr/lib/jvm/java-11-openjdk-amd64/lib/libextnet.so
7f69efb0a000-7f69efb0b000 r--p 00000000 08:06 6554506                    /usr/lib/jvm/java-11-openjdk-amd64/lib/libextnet.so
7f69efb0b000-7f69efb0c000 rw-p 00001000 08:06 6554506                    /usr/lib/jvm/java-11-openjdk-amd64/lib/libextnet.so
7f69efc00000-7f69efe00000 rw-p 00000000 00:00 0 
7f69efe00000-7f69f0000000 rw-p 00000000 00:00 0 
7f69f0000000-7f69f0021000 rw-p 00000000 00:00 0 
7f69f0021000-7f69f4000000 ---p 00000000 00:00 0 
7f69f4000000-7f69f4437000 rw-p 00000000 00:00 0 
7f69f4437000-7f69f8000000 ---p 00000000 00:00 0 
7f69f8000000-7f69f8021000 rw-p 00000000 00:00 0 
7f69f8021000-7f69fc000000 ---p 00000000 00:00 0 
7f69fc000000-7f69fc021000 rw-p 00000000 00:00 0 
7f69fc021000-7f6a00000000 ---p 00000000 00:00 0 
7f6a00000000-7f6a000ee000 rw-p 00000000 00:00 0 
7f6a000ee000-7f6a04000000 ---p 00000000 00:00 0 
7f6a04000000-7f6a04021000 rw-p 00000000 00:00 0 
7f6a04021000-7f6a08000000 ---p 00000000 00:00 0 
7f6a08000000-7f6a08021000 rw-p 00000000 00:00 0 
7f6a08021000-7f6a0c000000 ---p 00000000 00:00 0 
7f6a0c000000-7f6a0c021000 rw-p 00000000 00:00 0 
7f6a0c021000-7f6a10000000 ---p 00000000 00:00 0 
7f6a10000000-7f6a13d29000 rw-p 00000000 00:00 0 
7f6a13d29000-7f6a14000000 ---p 00000000 00:00 0 
7f6a14000000-7f6a158d6000 rw-p 00000000 00:00 0 
7f6a158d6000-7f6a18000000 ---p 00000000 00:00 0 
7f6a18000000-7f6a18021000 rw-p 00000000 00:00 0 
7f6a18021000-7f6a1c000000 ---p 00000000 00:00 0 
7f6a1c000000-7f6a1edfa000 rw-p 00000000 00:00 0 
7f6a1edfa000-7f6a20000000 ---p 00000000 00:00 0 
7f6a20000000-7f6a20021000 rw-p 00000000 00:00 0 
7f6a20021000-7f6a24000000 ---p 00000000 00:00 0 
7f6a24000000-7f6a24021000 rw-p 00000000 00:00 0 
7f6a24021000-7f6a28000000 ---p 00000000 00:00 0 
7f6a28000000-7f6a28109000 rw-p 00000000 00:00 0 
7f6a28109000-7f6a2c000000 ---p 00000000 00:00 0 
7f6a2c174000-7f6a2c374000 rw-p 00000000 00:00 0 
7f6a2c374000-7f6a2c574000 rw-p 00000000 00:00 0 
7f6a2c609000-7f6a2c60d000 ---p 00000000 00:00 0 
7f6a2c60d000-7f6a2c90a000 rw-p 00000000 00:00 0 
7f6a2c90a000-7f6a2cb0a000 rw-p 00000000 00:00 0 
7f6a2cb0a000-7f6a2cd0a000 rw-p 00000000 00:00 0 
7f6a2cd0a000-7f6a2cf0a000 rw-p 00000000 00:00 0 
7f6a2cf0a000-7f6a2d10a000 rw-p 00000000 00:00 0 
7f6a2d10a000-7f6a2d30a000 rw-p 00000000 00:00 0 
7f6a2d30a000-7f6a2d50a000 rw-p 00000000 00:00 0 
7f6a2d50a000-7f6a2d70a000 rw-p 00000000 00:00 0 
7f6a2d71e000-7f6a2d722000 ---p 00000000 00:00 0 
7f6a2d722000-7f6a2d81f000 rw-p 00000000 00:00 0 
7f6a2d81f000-7f6a2d824000 r-xp 00000000 08:06 6555721                    /usr/lib/jvm/java-11-openjdk-amd64/lib/libmanagement_ext.so
7f6a2d824000-7f6a2da23000 ---p 00005000 08:06 6555721                    /usr/lib/jvm/java-11-openjdk-amd64/lib/libmanagement_ext.so
7f6a2da23000-7f6a2da24000 r--p 00004000 08:06 6555721                    /usr/lib/jvm/java-11-openjdk-amd64/lib/libmanagement_ext.so
7f6a2da24000-7f6a2da25000 rw-p 00005000 08:06 6555721                    /usr/lib/jvm/java-11-openjdk-amd64/lib/libmanagement_ext.so
7f6a2da25000-7f6a2da29000 r-xp 00000000 08:06 6555412                    /usr/lib/jvm/java-11-openjdk-amd64/lib/libmanagement.so
7f6a2da29000-7f6a2dc28000 ---p 00004000 08:06 6555412                    /usr/lib/jvm/java-11-openjdk-amd64/lib/libmanagement.so
7f6a2dc28000-7f6a2dc29000 r--p 00003000 08:06 6555412                    /usr/lib/jvm/java-11-openjdk-amd64/lib/libmanagement.so
7f6a2dc29000-7f6a2dc2a000 rw-p 00004000 08:06 6555412                    /usr/lib/jvm/java-11-openjdk-amd64/lib/libmanagement.so
7f6a2dc2a000-7f6a2de2a000 rw-p 00000000 00:00 0 
7f6a2de2a000-7f6a2de2e000 ---p 00000000 00:00 0 
7f6a2de2e000-7f6a2e12b000 rw-p 00000000 00:00 0 
7f6a2e1f0000-7f6a2e3f0000 rw-p 00000000 00:00 0 
7f6a2e3f0000-7f6a2e5f0000 rw-p 00000000 00:00 0 
7f6a2e5f0000-7f6a2e7f0000 rw-p 00000000 00:00 0 
7f6a2e8c6000-7f6a2e8c7000 ---p 00000000 00:00 0 
7f6a2e8c7000-7f6a2e9c8000 rw-p 00000000 00:00 0 
7f6a2e9c8000-7f6a2e9cc000 ---p 00000000 00:00 0 
7f6a2e9cc000-7f6a2eac9000 rw-p 00000000 00:00 0 
7f6a2eac9000-7f6a2eae0000 r-xp 00000000 08:06 6555723                    /usr/lib/jvm/java-11-openjdk-amd64/lib/libnet.so
7f6a2eae0000-7f6a2ecdf000 ---p 00017000 08:06 6555723                    /usr/lib/jvm/java-11-openjdk-amd64/lib/libnet.so
7f6a2ecdf000-7f6a2ece0000 r--p 00016000 08:06 6555723                    /usr/lib/jvm/java-11-openjdk-amd64/lib/libnet.so
7f6a2ece0000-7f6a2ece1000 rw-p 00017000 08:06 6555723                    /usr/lib/jvm/java-11-openjdk-amd64/lib/libnet.so
7f6a2ece1000-7f6a2ecf2000 r-xp 00000000 08:06 6555724                    /usr/lib/jvm/java-11-openjdk-amd64/lib/libnio.so
7f6a2ecf2000-7f6a2eef1000 ---p 00011000 08:06 6555724                    /usr/lib/jvm/java-11-openjdk-amd64/lib/libnio.so
7f6a2eef1000-7f6a2eef2000 r--p 00010000 08:06 6555724                    /usr/lib/jvm/java-11-openjdk-amd64/lib/libnio.so
7f6a2eef2000-7f6a2eef3000 rw-p 00011000 08:06 6555724                    /usr/lib/jvm/java-11-openjdk-amd64/lib/libnio.so
7f6a2eef3000-7f6a2eef7000 ---p 00000000 00:00 0 
7f6a2eef7000-7f6a2eff4000 rw-p 00000000 00:00 0 
7f6a2eff4000-7f6a2eff8000 ---p 00000000 00:00 0 
7f6a2eff8000-7f6a2f0f5000 rw-p 00000000 00:00 0 
7f6a2f0f5000-7f6a2f0f9000 ---p 00000000 00:00 0 
7f6a2f0f9000-7f6a2f1f6000 rw-p 00000000 00:00 0 
7f6a2f1f6000-7f6a2f1fa000 ---p 00000000 00:00 0 
7f6a2f1fa000-7f6a2f2f7000 rw-p 00000000 00:00 0 
7f6a2f2f7000-7f6a2f2fc000 r-xp 00000000 08:06 6554505                    /usr/lib/jvm/java-11-openjdk-amd64/lib/libdt_socket.so
7f6a2f2fc000-7f6a2f4fb000 ---p 00005000 08:06 6554505                    /usr/lib/jvm/java-11-openjdk-amd64/lib/libdt_socket.so
7f6a2f4fb000-7f6a2f4fc000 r--p 00004000 08:06 6554505                    /usr/lib/jvm/java-11-openjdk-amd64/lib/libdt_socket.so
7f6a2f4fc000-7f6a2f4fd000 rw-p 00005000 08:06 6554505                    /usr/lib/jvm/java-11-openjdk-amd64/lib/libdt_socket.so
7f6a2f4fd000-7f6a2f501000 ---p 00000000 00:00 0 
7f6a2f501000-7f6a2f5fe000 rw-p 00000000 00:00 0 
7f6a2f5fe000-7f6a2f602000 ---p 00000000 00:00 0 
7f6a2f602000-7f6a2f6ff000 rw-p 00000000 00:00 0 
7f6a2f6ff000-7f6a2f703000 ---p 00000000 00:00 0 
7f6a2f703000-7f6a30000000 rw-p 00000000 00:00 0 
7f6a30000000-7f6a30021000 rw-p 00000000 00:00 0 
7f6a30021000-7f6a34000000 ---p 00000000 00:00 0 
7f6a34000000-7f6a34021000 rw-p 00000000 00:00 0 
7f6a34021000-7f6a38000000 ---p 00000000 00:00 0 
7f6a38000000-7f6a38021000 rw-p 00000000 00:00 0 
7f6a38021000-7f6a3c000000 ---p 00000000 00:00 0 
7f6a3c000000-7f6a3c021000 rw-p 00000000 00:00 0 
7f6a3c021000-7f6a40000000 ---p 00000000 00:00 0 
7f6a40000000-7f6a40021000 rw-p 00000000 00:00 0 
7f6a40021000-7f6a44000000 ---p 00000000 00:00 0 
7f6a44000000-7f6a44036000 rw-p 00000000 00:00 0 
7f6a44036000-7f6a48000000 ---p 00000000 00:00 0 
7f6a48000000-7f6a48021000 rw-p 00000000 00:00 0 
7f6a48021000-7f6a4c000000 ---p 00000000 00:00 0 
7f6a4c000000-7f6a4c021000 rw-p 00000000 00:00 0 
7f6a4c021000-7f6a50000000 ---p 00000000 00:00 0 
7f6a50047000-7f6a5004b000 ---p 00000000 00:00 0 
7f6a5004b000-7f6a524d8000 rw-p 00000000 00:00 0 
7f6a524d8000-7f6a54000000 ---p 00000000 00:00 0 
7f6a54000000-7f6a54021000 rw-p 00000000 00:00 0 
7f6a54021000-7f6a58000000 ---p 00000000 00:00 0 
7f6a58000000-7f6a58021000 rw-p 00000000 00:00 0 
7f6a58021000-7f6a5c000000 ---p 00000000 00:00 0 
7f6a5c000000-7f6a5c021000 rw-p 00000000 00:00 0 
7f6a5c021000-7f6a60000000 ---p 00000000 00:00 0 
7f6a6005a000-7f6a6005e000 ---p 00000000 00:00 0 
7f6a6005e000-7f6a6015b000 rw-p 00000000 00:00 0 
7f6a6015b000-7f6a6015f000 ---p 00000000 00:00 0 
7f6a6015f000-7f6a6025c000 rw-p 00000000 00:00 0 
7f6a6025c000-7f6a60260000 ---p 00000000 00:00 0 
7f6a60260000-7f6a6035d000 rw-p 00000000 00:00 0 
7f6a6035d000-7f6a6035e000 ---p 00000000 00:00 0 
7f6a6035e000-7f6a604d5000 rw-p 00000000 00:00 0 
7f6a604d5000-7f6a604d6000 ---p 00000000 00:00 0 
7f6a604d6000-7f6a605d7000 rw-p 00000000 00:00 0 
7f6a605d7000-7f6a605d8000 ---p 00000000 00:00 0 
7f6a605d8000-7f6a606d9000 rw-p 00000000 00:00 0 
7f6a606d9000-7f6a606da000 ---p 00000000 00:00 0 
7f6a606da000-7f6a607db000 rw-p 00000000 00:00 0 
7f6a607db000-7f6a607dc000 ---p 00000000 00:00 0 
7f6a607dc000-7f6a608dd000 rw-p 00000000 00:00 0 
7f6a608dd000-7f6a608de000 ---p 00000000 00:00 0 
7f6a608de000-7f6a60de3000 rw-p 00000000 00:00 0 
7f6a60de3000-7f6a60de4000 ---p 00000000 00:00 0 
7f6a60de4000-7f6a60ee5000 rw-p 00000000 00:00 0 
7f6a60ee5000-7f6a60ee6000 ---p 00000000 00:00 0 
7f6a60ee6000-7f6a61377000 rw-p 00000000 00:00 0 
7f6a61377000-7f6a62e9f000 ---p 00000000 00:00 0 
7f6a62e9f000-7f6a62f11000 rw-p 00000000 00:00 0 
7f6a62f11000-7f6a63276000 ---p 00000000 00:00 0 
7f6a63276000-7f6a632e8000 rw-p 00000000 00:00 0 
7f6a632e8000-7f6a6364d000 ---p 00000000 00:00 0 
7f6a6364d000-7f6a636bf000 rw-p 00000000 00:00 0 
7f6a636bf000-7f6a63a24000 ---p 00000000 00:00 0 
7f6a63a24000-7f6a63b25000 rw-p 00000000 00:00 0 
7f6a63b25000-7f6a63d95000 rwxp 00000000 00:00 0 
7f6a63d95000-7f6a640b5000 ---p 00000000 00:00 0 
7f6a640b5000-7f6a65215000 rwxp 00000000 00:00 0 
7f6a65215000-7f6a6b5ed000 ---p 00000000 00:00 0 
7f6a6b5ed000-7f6a6ba6d000 rwxp 00000000 00:00 0 
7f6a6ba6d000-7f6a72b25000 ---p 00000000 00:00 0 
7f6a72b25000-7f6a7c000000 r--s 00000000 08:06 6555733                    /usr/lib/jvm/java-11-openjdk-amd64/lib/modules
7f6a7c000000-7f6a7ebf3000 rw-p 00000000 00:00 0 
7f6a7ebf3000-7f6a80000000 ---p 00000000 00:00 0 
7f6a8005e000-7f6a803bc000 rw-p 00000000 00:00 0 
7f6a803bc000-7f6a803bd000 ---p 00000000 00:00 0 
7f6a803bd000-7f6a804be000 rw-p 00000000 00:00 0 
7f6a804be000-7f6a804bf000 ---p 00000000 00:00 0 
7f6a804bf000-7f6a805c0000 rw-p 00000000 00:00 0 
7f6a805c0000-7f6a805c1000 ---p 00000000 00:00 0 
7f6a805c1000-7f6a806c2000 rw-p 00000000 00:00 0 
7f6a806c2000-7f6a806c3000 ---p 00000000 00:00 0 
7f6a806c3000-7f6a807cd000 rw-p 00000000 00:00 0 
7f6a807cd000-7f6a808af000 ---p 00000000 00:00 0 
7f6a808af000-7f6a808d2000 rw-p 00000000 00:00 0 
7f6a808d2000-7f6a8099a000 ---p 00000000 00:00 0 
7f6a8099a000-7f6a8099f000 r-xp 00000000 08:06 6555408                    /usr/lib/jvm/java-11-openjdk-amd64/lib/libjimage.so
7f6a8099f000-7f6a80b9e000 ---p 00005000 08:06 6555408                    /usr/lib/jvm/java-11-openjdk-amd64/lib/libjimage.so
7f6a80b9e000-7f6a80b9f000 r--p 00004000 08:06 6555408                    /usr/lib/jvm/java-11-openjdk-amd64/lib/libjimage.so
7f6a80b9f000-7f6a80ba0000 rw-p 00005000 08:06 6555408                    /usr/lib/jvm/java-11-openjdk-amd64/lib/libjimage.so
7f6a80ba0000-7f6a80ba7000 r-xp 00000000 08:06 6555732                    /usr/lib/jvm/java-11-openjdk-amd64/lib/libzip.so
7f6a80ba7000-7f6a80da6000 ---p 00007000 08:06 6555732                    /usr/lib/jvm/java-11-openjdk-amd64/lib/libzip.so
7f6a80da6000-7f6a80da7000 r--p 00006000 08:06 6555732                    /usr/lib/jvm/java-11-openjdk-amd64/lib/libzip.so
7f6a80da7000-7f6a80da8000 rw-p 00007000 08:06 6555732                    /usr/lib/jvm/java-11-openjdk-amd64/lib/libzip.so
7f6a80da8000-7f6a80db3000 r-xp 00000000 08:06 2495318                    /lib/x86_64-linux-gnu/libnss_files-2.27.so
7f6a80db3000-7f6a80fb2000 ---p 0000b000 08:06 2495318                    /lib/x86_64-linux-gnu/libnss_files-2.27.so
7f6a80fb2000-7f6a80fb3000 r--p 0000a000 08:06 2495318                    /lib/x86_64-linux-gnu/libnss_files-2.27.so
7f6a80fb3000-7f6a80fb4000 rw-p 0000b000 08:06 2495318                    /lib/x86_64-linux-gnu/libnss_files-2.27.so
7f6a80fb4000-7f6a80fba000 rw-p 00000000 00:00 0 
7f6a80fba000-7f6a80fd1000 r-xp 00000000 08:06 2495312                    /lib/x86_64-linux-gnu/libnsl-2.27.so
7f6a80fd1000-7f6a811d0000 ---p 00017000 08:06 2495312                    /lib/x86_64-linux-gnu/libnsl-2.27.so
7f6a811d0000-7f6a811d1000 r--p 00016000 08:06 2495312                    /lib/x86_64-linux-gnu/libnsl-2.27.so
7f6a811d1000-7f6a811d2000 rw-p 00017000 08:06 2495312                    /lib/x86_64-linux-gnu/libnsl-2.27.so
7f6a811d2000-7f6a811d4000 rw-p 00000000 00:00 0 
7f6a811d4000-7f6a811df000 r-xp 00000000 08:06 2495329                    /lib/x86_64-linux-gnu/libnss_nis-2.27.so
7f6a811df000-7f6a813de000 ---p 0000b000 08:06 2495329                    /lib/x86_64-linux-gnu/libnss_nis-2.27.so
7f6a813de000-7f6a813df000 r--p 0000a000 08:06 2495329                    /lib/x86_64-linux-gnu/libnss_nis-2.27.so
7f6a813df000-7f6a813e0000 rw-p 0000b000 08:06 2495329                    /lib/x86_64-linux-gnu/libnss_nis-2.27.so
7f6a813e0000-7f6a813e8000 r-xp 00000000 08:06 2495314                    /lib/x86_64-linux-gnu/libnss_compat-2.27.so
7f6a813e8000-7f6a815e8000 ---p 00008000 08:06 2495314                    /lib/x86_64-linux-gnu/libnss_compat-2.27.so
7f6a815e8000-7f6a815e9000 r--p 00008000 08:06 2495314                    /lib/x86_64-linux-gnu/libnss_compat-2.27.so
7f6a815e9000-7f6a815ea000 rw-p 00009000 08:06 2495314                    /lib/x86_64-linux-gnu/libnss_compat-2.27.so
7f6a815ea000-7f6a81fb9000 r--p 00000000 08:06 6429427                    /usr/lib/locale/locale-archive
7f6a81fb9000-7f6a81fc3000 r-xp 00000000 08:06 6554508                    /usr/lib/jvm/java-11-openjdk-amd64/lib/libinstrument.so
7f6a81fc3000-7f6a821c2000 ---p 0000a000 08:06 6554508                    /usr/lib/jvm/java-11-openjdk-amd64/lib/libinstrument.so
7f6a821c2000-7f6a821c3000 r--p 00009000 08:06 6554508                    /usr/lib/jvm/java-11-openjdk-amd64/lib/libinstrument.so
7f6a821c3000-7f6a821c4000 rw-p 0000a000 08:06 6554508                    /usr/lib/jvm/java-11-openjdk-amd64/lib/libinstrument.so
7f6a821c4000-7f6a82201000 r-xp 00000000 08:06 6555407                    /usr/lib/jvm/java-11-openjdk-amd64/lib/libjdwp.so
7f6a82201000-7f6a82400000 ---p 0003d000 08:06 6555407                    /usr/lib/jvm/java-11-openjdk-amd64/lib/libjdwp.so
7f6a82400000-7f6a82401000 r--p 0003c000 08:06 6555407                    /usr/lib/jvm/java-11-openjdk-amd64/lib/libjdwp.so
7f6a82401000-7f6a82402000 rw-p 0003d000 08:06 6555407                    /usr/lib/jvm/java-11-openjdk-amd64/lib/libjdwp.so
7f6a82402000-7f6a8242e000 r-xp 00000000 08:06 6555403                    /usr/lib/jvm/java-11-openjdk-amd64/lib/libjava.so
7f6a8242e000-7f6a8262d000 ---p 0002c000 08:06 6555403                    /usr/lib/jvm/java-11-openjdk-amd64/lib/libjava.so
7f6a8262d000-7f6a8262e000 r--p 0002b000 08:06 6555403                    /usr/lib/jvm/java-11-openjdk-amd64/lib/libjava.so
7f6a8262e000-7f6a82630000 rw-p 0002c000 08:06 6555403                    /usr/lib/jvm/java-11-openjdk-amd64/lib/libjava.so
7f6a82630000-7f6a8263d000 r-xp 00000000 08:06 6555731                    /usr/lib/jvm/java-11-openjdk-amd64/lib/libverify.so
7f6a8263d000-7f6a8283c000 ---p 0000d000 08:06 6555731                    /usr/lib/jvm/java-11-openjdk-amd64/lib/libverify.so
7f6a8283c000-7f6a8283e000 r--p 0000c000 08:06 6555731                    /usr/lib/jvm/java-11-openjdk-amd64/lib/libverify.so
7f6a8283e000-7f6a8283f000 rw-p 0000e000 08:06 6555731                    /usr/lib/jvm/java-11-openjdk-amd64/lib/libverify.so
7f6a8283f000-7f6a82846000 r-xp 00000000 08:06 2495369                    /lib/x86_64-linux-gnu/librt-2.27.so
7f6a82846000-7f6a82a45000 ---p 00007000 08:06 2495369                    /lib/x86_64-linux-gnu/librt-2.27.so
7f6a82a45000-7f6a82a46000 r--p 00006000 08:06 2495369                    /lib/x86_64-linux-gnu/librt-2.27.so
7f6a82a46000-7f6a82a47000 rw-p 00007000 08:06 2495369                    /lib/x86_64-linux-gnu/librt-2.27.so
7f6a82a47000-7f6a82a5e000 r-xp 00000000 08:06 2490374                    /lib/x86_64-linux-gnu/libgcc_s.so.1
7f6a82a5e000-7f6a82c5d000 ---p 00017000 08:06 2490374                    /lib/x86_64-linux-gnu/libgcc_s.so.1
7f6a82c5d000-7f6a82c5e000 r--p 00016000 08:06 2490374                    /lib/x86_64-linux-gnu/libgcc_s.so.1
7f6a82c5e000-7f6a82c5f000 rw-p 00017000 08:06 2490374                    /lib/x86_64-linux-gnu/libgcc_s.so.1
7f6a82c5f000-7f6a82dfc000 r-xp 00000000 08:06 2495291                    /lib/x86_64-linux-gnu/libm-2.27.so
7f6a82dfc000-7f6a82ffb000 ---p 0019d000 08:06 2495291                    /lib/x86_64-linux-gnu/libm-2.27.so
7f6a82ffb000-7f6a82ffc000 r--p 0019c000 08:06 2495291                    /lib/x86_64-linux-gnu/libm-2.27.so
7f6a82ffc000-7f6a82ffd000 rw-p 0019d000 08:06 2495291                    /lib/x86_64-linux-gnu/libm-2.27.so
7f6a82ffd000-7f6a83176000 r-xp 00000000 08:06 6426634                    /usr/lib/x86_64-linux-gnu/libstdc++.so.6.0.25
7f6a83176000-7f6a83376000 ---p 00179000 08:06 6426634                    /usr/lib/x86_64-linux-gnu/libstdc++.so.6.0.25
7f6a83376000-7f6a83380000 r--p 00179000 08:06 6426634                    /usr/lib/x86_64-linux-gnu/libstdc++.so.6.0.25
7f6a83380000-7f6a83382000 rw-p 00183000 08:06 6426634                    /usr/lib/x86_64-linux-gnu/libstdc++.so.6.0.25
7f6a83382000-7f6a83386000 rw-p 00000000 00:00 0 
7f6a83386000-7f6a84323000 r-xp 00000000 08:06 264338                     /usr/lib/jvm/java-11-openjdk-amd64/lib/server/libjvm.so
7f6a84323000-7f6a84523000 ---p 00f9d000 08:06 264338                     /usr/lib/jvm/java-11-openjdk-amd64/lib/server/libjvm.so
7f6a84523000-7f6a845e7000 r--p 00f9d000 08:06 264338                     /usr/lib/jvm/java-11-openjdk-amd64/lib/server/libjvm.so
7f6a845e7000-7f6a8461f000 rw-p 01061000 08:06 264338                     /usr/lib/jvm/java-11-openjdk-amd64/lib/server/libjvm.so
7f6a8461f000-7f6a84668000 rw-p 00000000 00:00 0 
7f6a84668000-7f6a84682000 r-xp 00000000 08:06 2495361                    /lib/x86_64-linux-gnu/libpthread-2.27.so
7f6a84682000-7f6a84881000 ---p 0001a000 08:06 2495361                    /lib/x86_64-linux-gnu/libpthread-2.27.so
7f6a84881000-7f6a84882000 r--p 00019000 08:06 2495361                    /lib/x86_64-linux-gnu/libpthread-2.27.so
7f6a84882000-7f6a84883000 rw-p 0001a000 08:06 2495361                    /lib/x86_64-linux-gnu/libpthread-2.27.so
7f6a84883000-7f6a84887000 rw-p 00000000 00:00 0 
7f6a84887000-7f6a8488a000 r-xp 00000000 08:06 2495251                    /lib/x86_64-linux-gnu/libdl-2.27.so
7f6a8488a000-7f6a84a89000 ---p 00003000 08:06 2495251                    /lib/x86_64-linux-gnu/libdl-2.27.so
7f6a84a89000-7f6a84a8a000 r--p 00002000 08:06 2495251                    /lib/x86_64-linux-gnu/libdl-2.27.so
7f6a84a8a000-7f6a84a8b000 rw-p 00003000 08:06 2495251                    /lib/x86_64-linux-gnu/libdl-2.27.so
7f6a84a8b000-7f6a84aa7000 r-xp 00000000 08:06 2495400                    /lib/x86_64-linux-gnu/libz.so.1.2.11
7f6a84aa7000-7f6a84ca6000 ---p 0001c000 08:06 2495400                    /lib/x86_64-linux-gnu/libz.so.1.2.11
7f6a84ca6000-7f6a84ca7000 r--p 0001b000 08:06 2495400                    /lib/x86_64-linux-gnu/libz.so.1.2.11
7f6a84ca7000-7f6a84ca8000 rw-p 0001c000 08:06 2495400                    /lib/x86_64-linux-gnu/libz.so.1.2.11
7f6a84ca8000-7f6a84e8f000 r-xp 00000000 08:06 2495228                    /lib/x86_64-linux-gnu/libc-2.27.so
7f6a84e8f000-7f6a8508f000 ---p 001e7000 08:06 2495228                    /lib/x86_64-linux-gnu/libc-2.27.so
7f6a8508f000-7f6a85093000 r--p 001e7000 08:06 2495228                    /lib/x86_64-linux-gnu/libc-2.27.so
7f6a85093000-7f6a85095000 rw-p 001eb000 08:06 2495228                    /lib/x86_64-linux-gnu/libc-2.27.so
7f6a85095000-7f6a85099000 rw-p 00000000 00:00 0 
7f6a85099000-7f6a850a8000 r-xp 00000000 08:06 264326                     /usr/lib/jvm/java-11-openjdk-amd64/lib/jli/libjli.so
7f6a850a8000-7f6a852a7000 ---p 0000f000 08:06 264326                     /usr/lib/jvm/java-11-openjdk-amd64/lib/jli/libjli.so
7f6a852a7000-7f6a852a8000 r--p 0000e000 08:06 264326                     /usr/lib/jvm/java-11-openjdk-amd64/lib/jli/libjli.so
7f6a852a8000-7f6a852a9000 rw-p 0000f000 08:06 264326                     /usr/lib/jvm/java-11-openjdk-amd64/lib/jli/libjli.so
7f6a852a9000-7f6a852d0000 r-xp 00000000 08:06 2495200                    /lib/x86_64-linux-gnu/ld-2.27.so
7f6a852d6000-7f6a85394000 rw-p 00000000 00:00 0 
7f6a85394000-7f6a853ac000 r--p 00000000 08:06 793092                     /usr/share/locale-langpack/pt/LC_MESSAGES/libc.mo
7f6a853ac000-7f6a853b1000 rw-p 00000000 00:00 0 
7f6a853b1000-7f6a853b8000 ---p 00000000 00:00 0 
7f6a853b8000-7f6a853bc000 ---p 00000000 00:00 0 
7f6a853bc000-7f6a854bb000 rw-p 00000000 00:00 0 
7f6a854bb000-7f6a854c2000 r--s 00000000 08:06 6686992                    /usr/lib/x86_64-linux-gnu/gconv/gconv-modules.cache
7f6a854c2000-7f6a854c4000 r--s 00001000 08:06 5244328                    /home/simon/Desktop/idea-IU-182.4505.22/lib/rt/debugger-agent-storage.jar
7f6a854c4000-7f6a854cc000 rw-s 00000000 08:06 4194409                    /tmp/hsperfdata_simon/24355
7f6a854cc000-7f6a854cd000 ---p 00000000 00:00 0 
7f6a854cd000-7f6a854ce000 r--p 00000000 00:00 0 
7f6a854ce000-7f6a854d0000 rw-p 00000000 00:00 0 
7f6a854d0000-7f6a854d1000 r--p 00027000 08:06 2495200                    /lib/x86_64-linux-gnu/ld-2.27.so
7f6a854d1000-7f6a854d2000 rw-p 00028000 08:06 2495200                    /lib/x86_64-linux-gnu/ld-2.27.so
7f6a854d2000-7f6a854d3000 rw-p 00000000 00:00 0 
7ffca8376000-7ffca8399000 rw-p 00000000 00:00 0                          [stack]
7ffca83c6000-7ffca83c9000 r--p 00000000 00:00 0                          [vvar]
7ffca83c9000-7ffca83cb000 r-xp 00000000 00:00 0                          [vdso]
ffffffffff600000-ffffffffff601000 r-xp 00000000 00:00 0                  [vsyscall]


VM Arguments:
jvm_args: -agentlib:jdwp=transport=dt_socket,address=127.0.0.1:43895,suspend=y,server=n -ea -Didea.test.cyclic.buffer.size=1048576 -javaagent:/home/simon/Desktop/idea-IU-182.4505.22/lib/rt/debugger-agent.jar=file:/tmp/capture.props -Dfile.encoding=UTF-8 
java_command: com.intellij.rt.execution.junit.JUnitStarter -ideVersion5 -junit4 pt.unl.fct.ecma.CompanyControllerTest,testGetAdmins
java_class_path (initial): /home/simon/Desktop/idea-IU-182.4505.22/lib/idea_rt.jar:/home/simon/Desktop/idea-IU-182.4505.22/plugins/junit/lib/junit-rt.jar:/home/simon/Desktop/idea-IU-182.4505.22/plugins/junit/lib/junit5-rt.jar:/home/simon/Desktop/ciai/server/project-one/server/target/test-classes:/home/simon/Desktop/ciai/server/project-one/server/target/classes:/home/simon/.m2/repository/org/springframework/boot/spring-boot-starter-data-jpa/2.0.6.RELEASE/spring-boot-starter-data-jpa-2.0.6.RELEASE.jar:/home/simon/.m2/repository/org/springframework/boot/spring-boot-starter/2.0.6.RELEASE/spring-boot-starter-2.0.6.RELEASE.jar:/home/simon/.m2/repository/org/springframework/boot/spring-boot/2.0.6.RELEASE/spring-boot-2.0.6.RELEASE.jar:/home/simon/.m2/repository/org/springframework/boot/spring-boot-autoconfigure/2.0.6.RELEASE/spring-boot-autoconfigure-2.0.6.RELEASE.jar:/home/simon/.m2/repository/org/springframework/boot/spring-boot-starter-logging/2.0.6.RELEASE/spring-boot-starter-logging-2.0.6.RELEASE.jar:/home/simon/.m2/repository/ch/qos/logback/logback-classic/1.2.3/logback-classic-1.2.3.jar:/home/simon/.m2/repository/ch/qos/logback/logback-core/1.2.3/logback-core-1.2.3.jar:/home/simon/.m2/repository/org/apache/logging/log4j/log4j-to-slf4j/2.10.0/log4j-to-slf4j-2.10.0.jar:/home/simon/.m2/repository/org/apache/logging/log4j/log4j-api/2.10.0/log4j-api-2.10.0.jar:/home/simon/.m2/repository/org/slf4j/jul-to-slf4j/1.7.25/jul-to-slf4j-1.7.25.jar:/home/simon/.m2/repository/javax/annotation/javax.annotation-api/1.3.2/javax.annotation-api-1.3.2.jar:/home/simon/.m2/repository/org/yaml/snakeyaml/1.19/snakeyaml-1.19.jar:/home/simon/.m2/repository/org/springframework/boot/spring-boot-starter-aop/2.0.6.RELEASE/spring-boot-starter-aop-2.0.6.RELEASE.jar:/home/simon/.m2/repository/org/aspectj/aspectjweaver/1.8.13/aspectjweaver-1.8.13.jar:/home/simon/.m2/repository/org/springframework/boot/spring-boot-starter-jdbc/2.0.6.RELEASE/spring-boot-starter-jdbc-2.0.6.RELEASE.jar:/home/simon/.m2/r
Launcher Type: SUN_STANDARD

Logging:
Log output configuration:
#0: stdout all=warning uptime,level,tags
#1: stderr all=off uptime,level,tags

Environment Variables:
PATH=/usr/local/sbin:/usr/local/bin:/usr/sbin:/usr/bin:/sbin:/bin:/usr/games:/usr/local/games:/snap/bin
USERNAME=simon
SHELL=/bin/bash
DISPLAY=:0

Signal Handlers:
SIGSEGV: [libjvm.so+0xd28b70], sa_mask[0]=11111111011111111101111111111110, sa_flags=SA_RESTART|SA_SIGINFO
SIGBUS: [libjvm.so+0xd28b70], sa_mask[0]=11111111011111111101111111111110, sa_flags=SA_RESTART|SA_SIGINFO
SIGFPE: [libjvm.so+0xd28b70], sa_mask[0]=11111111011111111101111111111110, sa_flags=SA_RESTART|SA_SIGINFO
SIGPIPE: [libjvm.so+0xb2a1f0], sa_mask[0]=11111111011111111101111111111110, sa_flags=SA_RESTART|SA_SIGINFO
SIGXFSZ: [libjvm.so+0xb2a1f0], sa_mask[0]=11111111011111111101111111111110, sa_flags=SA_RESTART|SA_SIGINFO
SIGILL: [libjvm.so+0xd28b70], sa_mask[0]=11111111011111111101111111111110, sa_flags=SA_RESTART|SA_SIGINFO
SIGUSR2: [libjvm.so+0xb2a030], sa_mask[0]=00100000000000000000000000000000, sa_flags=SA_RESTART|SA_SIGINFO
SIGHUP: [libjvm.so+0xb2a180], sa_mask[0]=11111111011111111101111111111110, sa_flags=SA_RESTART|SA_SIGINFO
SIGINT: [libjvm.so+0xb2a180], sa_mask[0]=11111111011111111101111111111110, sa_flags=SA_RESTART|SA_SIGINFO
SIGTERM: [libjvm.so+0xb2a180], sa_mask[0]=11111111011111111101111111111110, sa_flags=SA_RESTART|SA_SIGINFO
SIGQUIT: [libjvm.so+0xb2a180], sa_mask[0]=11111111011111111101111111111110, sa_flags=SA_RESTART|SA_SIGINFO


---------------  S Y S T E M  ---------------

OS:DISTRIB_ID=Ubuntu
DISTRIB_RELEASE=18.04
DISTRIB_CODENAME=bionic
DISTRIB_DESCRIPTION="Ubuntu 18.04.1 LTS"
uname:Linux 4.15.0-38-generic #41-Ubuntu SMP Wed Oct 10 10:59:38 UTC 2018 x86_64
libc:glibc 2.27 NPTL 2.27 
rlimit: STACK 8192k, CORE 0k, NPROC 31031, NOFILE 1048576, AS infinity, DATA infinity, FSIZE infinity
load average:1,63 1,21 1,30

/proc/meminfo:
MemTotal:        8049396 kB
MemFree:          584248 kB
MemAvailable:    2511956 kB
Buffers:          164780 kB
Cached:          2295640 kB
SwapCached:            0 kB
Active:          5819620 kB
Inactive:        1270464 kB
Active(anon):    4594596 kB
Inactive(anon):   431556 kB
Active(file):    1225024 kB
Inactive(file):   838908 kB
Unevictable:          16 kB
Mlocked:              16 kB
SwapTotal:       2097148 kB
SwapFree:        2097148 kB
Dirty:              2696 kB
Writeback:             0 kB
AnonPages:       4629636 kB
Mapped:           592804 kB
Shmem:            396492 kB
Slab:             224524 kB
SReclaimable:     168148 kB
SUnreclaim:        56376 kB
KernelStack:       16480 kB
PageTables:        58404 kB
NFS_Unstable:          0 kB
Bounce:                0 kB
WritebackTmp:          0 kB
CommitLimit:     6121844 kB
Committed_AS:   10448332 kB
VmallocTotal:   34359738367 kB
VmallocUsed:           0 kB
VmallocChunk:          0 kB
HardwareCorrupted:     0 kB
AnonHugePages:         0 kB
ShmemHugePages:        0 kB
ShmemPmdMapped:        0 kB
CmaTotal:              0 kB
CmaFree:               0 kB
HugePages_Total:       0
HugePages_Free:        0
HugePages_Rsvd:        0
HugePages_Surp:        0
Hugepagesize:       2048 kB
DirectMap4k:      249676 kB
DirectMap2M:     8019968 kB
DirectMap1G:           0 kB

container (cgroup) information:
container_type: cgroupv1
cpu_cpuset_cpus: 0-3
cpu_memory_nodes: 0
active_processor_count: 4
cpu_quota: -1
cpu_period: 100000
cpu_shares: -1
memory_limit_in_bytes: -1
memory_and_swap_limit_in_bytes: -2
memory_soft_limit_in_bytes: -1
memory_usage_in_bytes: 7260520448
memory_max_usage_in_bytes: 0


CPU:total 4 (initial active 4) (2 cores per cpu, 2 threads per core) family 6 model 69 stepping 1, cmov, cx8, fxsr, mmx, sse, sse2, sse3, ssse3, sse4.1, sse4.2, popcnt, avx, avx2, aes, clmul, erms, lzcnt, ht, tsc, tscinvbit, bmi1, bmi2, fma
CPU Model and flags from /proc/cpuinfo:
model name	: Intel(R) Core(TM) i7-4500U CPU @ 1.80GHz
flags		: fpu vme de pse tsc msr pae mce cx8 apic sep mtrr pge mca cmov pat pse36 clflush dts acpi mmx fxsr sse sse2 ss ht tm pbe syscall nx pdpe1gb rdtscp lm constant_tsc arch_perfmon pebs bts rep_good nopl xtopology nonstop_tsc cpuid aperfmperf pni pclmulqdq dtes64 monitor ds_cpl vmx est tm2 ssse3 sdbg fma cx16 xtpr pdcm pcid sse4_1 sse4_2 movbe popcnt tsc_deadline_timer aes xsave avx f16c rdrand lahf_lm abm cpuid_fault epb invpcid_single pti ssbd ibrs ibpb stibp tpr_shadow vnmi flexpriority ept vpid fsgsbase tsc_adjust bmi1 avx2 smep bmi2 erms invpcid xsaveopt dtherm ida arat pln pts flush_l1d

Memory: 4k page, physical 8049396k(584248k free), swap 2097148k(2097148k free)

vm_info: OpenJDK 64-Bit Server VM (10.0.2+13-Ubuntu-1ubuntu0.18.04.3) for linux-amd64 JRE (10.0.2+13-Ubuntu-1ubuntu0.18.04.3), built on Oct  7 2018 15:06:09 by "buildd" with gcc 7.3.0

END.
